[2026-03-20T15:57:40.158+0800] {local_task_job_runner.py:120} INFO - ::group::Pre task execution logs
[2026-03-20T15:57:40.170+0800] {taskinstance.py:2076} INFO - Dependencies all met for dep_context=non-requeueable deps ti=<TaskInstance: us6_transform_and_track_lineage.transform_features manual__2026-03-20T07:57:37.361081+00:00 [queued]>
[2026-03-20T15:57:40.173+0800] {taskinstance.py:2076} INFO - Dependencies all met for dep_context=requeueable deps ti=<TaskInstance: us6_transform_and_track_lineage.transform_features manual__2026-03-20T07:57:37.361081+00:00 [queued]>
[2026-03-20T15:57:40.173+0800] {taskinstance.py:2306} INFO - Starting attempt 1 of 2
[2026-03-20T15:57:40.177+0800] {taskinstance.py:2330} INFO - Executing <Task(PythonOperator): transform_features> on 2026-03-20 07:57:37.361081+00:00
[2026-03-20T15:57:40.181+0800] {standard_task_runner.py:64} INFO - Started process 15986 to run task
[2026-03-20T15:57:40.187+0800] {standard_task_runner.py:90} INFO - Running: ['airflow', 'tasks', 'run', 'us6_transform_and_track_lineage', 'transform_features', 'manual__2026-03-20T07:57:37.361081+00:00', '--job-id', '5', '--raw', '--subdir', 'DAGS_FOLDER/transform_and_lineage_dag.py', '--cfg-path', '/var/folders/hp/wshm0kj56495pmfnlc5tzxcw0000gn/T/tmpg01a8gzs']
[2026-03-20T15:57:40.189+0800] {standard_task_runner.py:91} INFO - Job 5: Subtask transform_features
[2026-03-20T15:57:40.209+0800] {task_command.py:426} INFO - Running <TaskInstance: us6_transform_and_track_lineage.transform_features manual__2026-03-20T07:57:37.361081+00:00 [running]> on host lers-macbook-6.local
[2026-03-20T15:57:40.233+0800] {taskinstance.py:2648} INFO - Exporting env vars: AIRFLOW_CTX_DAG_OWNER='dataops' AIRFLOW_CTX_DAG_ID='us6_transform_and_track_lineage' AIRFLOW_CTX_TASK_ID='transform_features' AIRFLOW_CTX_EXECUTION_DATE='2026-03-20T07:57:37.361081+00:00' AIRFLOW_CTX_TRY_NUMBER='1' AIRFLOW_CTX_DAG_RUN_ID='manual__2026-03-20T07:57:37.361081+00:00'
[2026-03-20T15:57:40.234+0800] {taskinstance.py:430} INFO - ::endgroup::
[2026-03-20T15:57:40.506+0800] {taskinstance.py:441} INFO - ::group::Post task execution logs
[2026-03-20T15:57:40.507+0800] {taskinstance.py:2905} ERROR - Task failed with exception
Traceback (most recent call last):
  File "/Users/lershuan/Downloads/bt4301-group-9/.venv/lib/python3.10/site-packages/airflow/models/taskinstance.py", line 465, in _execute_task
    result = _execute_callable(context=context, **execute_callable_kwargs)
  File "/Users/lershuan/Downloads/bt4301-group-9/.venv/lib/python3.10/site-packages/airflow/models/taskinstance.py", line 432, in _execute_callable
    return execute_callable(context=context, **execute_callable_kwargs)
  File "/Users/lershuan/Downloads/bt4301-group-9/.venv/lib/python3.10/site-packages/airflow/models/baseoperator.py", line 401, in wrapper
    return func(self, *args, **kwargs)
  File "/Users/lershuan/Downloads/bt4301-group-9/.venv/lib/python3.10/site-packages/airflow/operators/python.py", line 235, in execute
    return_value = self.execute_callable()
  File "/Users/lershuan/Downloads/bt4301-group-9/.venv/lib/python3.10/site-packages/airflow/operators/python.py", line 252, in execute_callable
    return self.python_callable(*self.op_args, **self.op_kwargs)
  File "/Users/lershuan/Downloads/bt4301-group-9/source/dataops/airflow/dags/transform_and_lineage_dag.py", line 41, in run_python_script
    subprocess.run(
  File "/Library/Frameworks/Python.framework/Versions/3.10/lib/python3.10/subprocess.py", line 524, in run
    raise CalledProcessError(retcode, process.args,
subprocess.CalledProcessError: Command '['/Users/lershuan/Downloads/bt4301-group-9/.venv/bin/python3', '-B', '/Users/lershuan/Downloads/bt4301-group-9/source/dataops/build_customer_features.py']' returned non-zero exit status 1.
[2026-03-20T15:57:40.515+0800] {taskinstance.py:1206} INFO - Marking task as UP_FOR_RETRY. dag_id=us6_transform_and_track_lineage, task_id=transform_features, run_id=manual__2026-03-20T07:57:37.361081+00:00, execution_date=20260320T075737, start_date=20260320T075740, end_date=20260320T075740
[2026-03-20T15:57:40.532+0800] {standard_task_runner.py:110} ERROR - Failed to execute job 5 for task transform_features (Command '['/Users/lershuan/Downloads/bt4301-group-9/.venv/bin/python3', '-B', '/Users/lershuan/Downloads/bt4301-group-9/source/dataops/build_customer_features.py']' returned non-zero exit status 1.; 15986)
[2026-03-20T15:57:40.539+0800] {local_task_job_runner.py:243} INFO - Task exited with return code 1
[2026-03-20T15:57:40.547+0800] {taskinstance.py:3503} INFO - 0 downstream tasks scheduled from follow-on schedule check
[2026-03-20T15:57:40.547+0800] {local_task_job_runner.py:222} INFO - ::endgroup::
