[2026-03-19T22:43:21.259+0800] {local_task_job_runner.py:120} INFO - ::group::Pre task execution logs
[2026-03-19T22:43:21.272+0800] {taskinstance.py:2076} INFO - Dependencies all met for dep_context=non-requeueable deps ti=<TaskInstance: daily_churn_scoring.load_features scheduled__2026-03-18T00:00:00+00:00 [queued]>
[2026-03-19T22:43:21.276+0800] {taskinstance.py:2076} INFO - Dependencies all met for dep_context=requeueable deps ti=<TaskInstance: daily_churn_scoring.load_features scheduled__2026-03-18T00:00:00+00:00 [queued]>
[2026-03-19T22:43:21.276+0800] {taskinstance.py:2306} INFO - Starting attempt 2 of 2
[2026-03-19T22:43:21.283+0800] {taskinstance.py:2330} INFO - Executing <Task(PythonOperator): load_features> on 2026-03-18 00:00:00+00:00
[2026-03-19T22:43:21.286+0800] {standard_task_runner.py:64} INFO - Started process 74484 to run task
[2026-03-19T22:43:21.290+0800] {standard_task_runner.py:90} INFO - Running: ['airflow', 'tasks', 'run', 'daily_churn_scoring', 'load_features', 'scheduled__2026-03-18T00:00:00+00:00', '--job-id', '7', '--raw', '--subdir', 'DAGS_FOLDER/churn_scoring_dag.py', '--cfg-path', '/var/folders/hp/wshm0kj56495pmfnlc5tzxcw0000gn/T/tmpjfa8w2gq']
[2026-03-19T22:43:21.292+0800] {standard_task_runner.py:91} INFO - Job 7: Subtask load_features
[2026-03-19T22:43:21.314+0800] {task_command.py:426} INFO - Running <TaskInstance: daily_churn_scoring.load_features scheduled__2026-03-18T00:00:00+00:00 [running]> on host lers-macbook-6.local
[2026-03-19T22:43:21.353+0800] {taskinstance.py:2648} INFO - Exporting env vars: AIRFLOW_CTX_DAG_OWNER='mlops' AIRFLOW_CTX_DAG_ID='daily_churn_scoring' AIRFLOW_CTX_TASK_ID='load_features' AIRFLOW_CTX_EXECUTION_DATE='2026-03-18T00:00:00+00:00' AIRFLOW_CTX_TRY_NUMBER='2' AIRFLOW_CTX_DAG_RUN_ID='scheduled__2026-03-18T00:00:00+00:00'
[2026-03-19T22:43:21.360+0800] {taskinstance.py:430} INFO - ::endgroup::
[2026-03-19T22:43:25.201+0800] {taskinstance.py:441} INFO - ::group::Post task execution logs
[2026-03-19T22:43:25.203+0800] {taskinstance.py:2905} ERROR - Task failed with exception
Traceback (most recent call last):
  File "/Users/lershuan/Downloads/bt4301-group-9/.venv/lib/python3.10/site-packages/airflow/models/taskinstance.py", line 465, in _execute_task
    result = _execute_callable(context=context, **execute_callable_kwargs)
  File "/Users/lershuan/Downloads/bt4301-group-9/.venv/lib/python3.10/site-packages/airflow/models/taskinstance.py", line 432, in _execute_callable
    return execute_callable(context=context, **execute_callable_kwargs)
  File "/Users/lershuan/Downloads/bt4301-group-9/.venv/lib/python3.10/site-packages/airflow/models/baseoperator.py", line 401, in wrapper
    return func(self, *args, **kwargs)
  File "/Users/lershuan/Downloads/bt4301-group-9/.venv/lib/python3.10/site-packages/airflow/operators/python.py", line 235, in execute
    return_value = self.execute_callable()
  File "/Users/lershuan/Downloads/bt4301-group-9/.venv/lib/python3.10/site-packages/airflow/operators/python.py", line 252, in execute_callable
    return self.python_callable(*self.op_args, **self.op_kwargs)
  File "/Users/lershuan/Downloads/bt4301-group-9/source/dataops/airflow/dags/churn_scoring_dag.py", line 41, in run_scoring_step
    subprocess.run(cmd, cwd=str(PROJECT_ROOT), check=True)
  File "/Library/Frameworks/Python.framework/Versions/3.10/lib/python3.10/subprocess.py", line 524, in run
    raise CalledProcessError(retcode, process.args,
subprocess.CalledProcessError: Command '['/Users/lershuan/Downloads/bt4301-group-9/.venv/bin/python3', '-B', '/Users/lershuan/Downloads/bt4301-group-9/source/mlops/score_churn.py', 'load_features']' returned non-zero exit status 1.
[2026-03-19T22:43:25.213+0800] {taskinstance.py:1206} INFO - Marking task as FAILED. dag_id=daily_churn_scoring, task_id=load_features, run_id=scheduled__2026-03-18T00:00:00+00:00, execution_date=20260318T000000, start_date=20260319T144321, end_date=20260319T144325
[2026-03-19T22:43:25.220+0800] {standard_task_runner.py:110} ERROR - Failed to execute job 7 for task load_features (Command '['/Users/lershuan/Downloads/bt4301-group-9/.venv/bin/python3', '-B', '/Users/lershuan/Downloads/bt4301-group-9/source/mlops/score_churn.py', 'load_features']' returned non-zero exit status 1.; 74484)
[2026-03-19T22:43:25.223+0800] {local_task_job_runner.py:243} INFO - Task exited with return code 1
[2026-03-19T22:43:25.234+0800] {taskinstance.py:3503} INFO - 0 downstream tasks scheduled from follow-on schedule check
[2026-03-19T22:43:25.236+0800] {local_task_job_runner.py:222} INFO - ::endgroup::
[2026-03-19T22:50:29.199+0800] {local_task_job_runner.py:120} INFO - ::group::Pre task execution logs
[2026-03-19T22:50:29.210+0800] {taskinstance.py:2076} INFO - Dependencies all met for dep_context=non-requeueable deps ti=<TaskInstance: daily_churn_scoring.load_features scheduled__2026-03-18T00:00:00+00:00 [queued]>
[2026-03-19T22:50:29.213+0800] {taskinstance.py:2076} INFO - Dependencies all met for dep_context=requeueable deps ti=<TaskInstance: daily_churn_scoring.load_features scheduled__2026-03-18T00:00:00+00:00 [queued]>
[2026-03-19T22:50:29.213+0800] {taskinstance.py:2306} INFO - Starting attempt 2 of 2
[2026-03-19T22:50:29.219+0800] {taskinstance.py:2330} INFO - Executing <Task(PythonOperator): load_features> on 2026-03-18 00:00:00+00:00
[2026-03-19T22:50:29.223+0800] {standard_task_runner.py:64} INFO - Started process 79377 to run task
[2026-03-19T22:50:29.228+0800] {standard_task_runner.py:90} INFO - Running: ['airflow', 'tasks', 'run', 'daily_churn_scoring', 'load_features', 'scheduled__2026-03-18T00:00:00+00:00', '--job-id', '7', '--raw', '--subdir', 'DAGS_FOLDER/churn_scoring_dag.py', '--cfg-path', '/var/folders/hp/wshm0kj56495pmfnlc5tzxcw0000gn/T/tmpld0fzwxu']
[2026-03-19T22:50:29.230+0800] {standard_task_runner.py:91} INFO - Job 7: Subtask load_features
[2026-03-19T22:50:29.250+0800] {task_command.py:426} INFO - Running <TaskInstance: daily_churn_scoring.load_features scheduled__2026-03-18T00:00:00+00:00 [running]> on host lers-macbook-6.local
[2026-03-19T22:50:29.278+0800] {taskinstance.py:2648} INFO - Exporting env vars: AIRFLOW_CTX_DAG_OWNER='mlops' AIRFLOW_CTX_DAG_ID='daily_churn_scoring' AIRFLOW_CTX_TASK_ID='load_features' AIRFLOW_CTX_EXECUTION_DATE='2026-03-18T00:00:00+00:00' AIRFLOW_CTX_TRY_NUMBER='2' AIRFLOW_CTX_DAG_RUN_ID='scheduled__2026-03-18T00:00:00+00:00'
[2026-03-19T22:50:29.278+0800] {taskinstance.py:430} INFO - ::endgroup::
[2026-03-19T22:50:33.791+0800] {taskinstance.py:441} INFO - ::group::Post task execution logs
[2026-03-19T22:50:33.793+0800] {taskinstance.py:2905} ERROR - Task failed with exception
Traceback (most recent call last):
  File "/Users/lershuan/Downloads/bt4301-group-9/.venv/lib/python3.10/site-packages/airflow/models/taskinstance.py", line 465, in _execute_task
    result = _execute_callable(context=context, **execute_callable_kwargs)
  File "/Users/lershuan/Downloads/bt4301-group-9/.venv/lib/python3.10/site-packages/airflow/models/taskinstance.py", line 432, in _execute_callable
    return execute_callable(context=context, **execute_callable_kwargs)
  File "/Users/lershuan/Downloads/bt4301-group-9/.venv/lib/python3.10/site-packages/airflow/models/baseoperator.py", line 401, in wrapper
    return func(self, *args, **kwargs)
  File "/Users/lershuan/Downloads/bt4301-group-9/.venv/lib/python3.10/site-packages/airflow/operators/python.py", line 235, in execute
    return_value = self.execute_callable()
  File "/Users/lershuan/Downloads/bt4301-group-9/.venv/lib/python3.10/site-packages/airflow/operators/python.py", line 252, in execute_callable
    return self.python_callable(*self.op_args, **self.op_kwargs)
  File "/Users/lershuan/Downloads/bt4301-group-9/source/dataops/airflow/dags/churn_scoring_dag.py", line 41, in run_scoring_step
    subprocess.run(cmd, cwd=str(PROJECT_ROOT), check=True)
  File "/Library/Frameworks/Python.framework/Versions/3.10/lib/python3.10/subprocess.py", line 524, in run
    raise CalledProcessError(retcode, process.args,
subprocess.CalledProcessError: Command '['/Users/lershuan/Downloads/bt4301-group-9/.venv/bin/python3', '-B', '/Users/lershuan/Downloads/bt4301-group-9/source/mlops/score_churn.py', 'load_features']' returned non-zero exit status 1.
[2026-03-19T22:50:33.802+0800] {taskinstance.py:1206} INFO - Marking task as FAILED. dag_id=daily_churn_scoring, task_id=load_features, run_id=scheduled__2026-03-18T00:00:00+00:00, execution_date=20260318T000000, start_date=20260319T145029, end_date=20260319T145033
[2026-03-19T22:50:33.811+0800] {standard_task_runner.py:110} ERROR - Failed to execute job 7 for task load_features (Command '['/Users/lershuan/Downloads/bt4301-group-9/.venv/bin/python3', '-B', '/Users/lershuan/Downloads/bt4301-group-9/source/mlops/score_churn.py', 'load_features']' returned non-zero exit status 1.; 79377)
[2026-03-19T22:50:33.815+0800] {local_task_job_runner.py:243} INFO - Task exited with return code 1
[2026-03-19T22:50:33.826+0800] {taskinstance.py:3503} INFO - 0 downstream tasks scheduled from follow-on schedule check
[2026-03-19T22:50:33.828+0800] {local_task_job_runner.py:222} INFO - ::endgroup::
