[2026-03-19T22:27:42.676+0800] {local_task_job_runner.py:120} INFO - ::group::Pre task execution logs
[2026-03-19T22:27:42.702+0800] {taskinstance.py:2076} INFO - Dependencies all met for dep_context=non-requeueable deps ti=<TaskInstance: daily_churn_scoring.load_features scheduled__2026-03-18T00:00:00+00:00 [queued]>
[2026-03-19T22:27:42.708+0800] {taskinstance.py:2076} INFO - Dependencies all met for dep_context=requeueable deps ti=<TaskInstance: daily_churn_scoring.load_features scheduled__2026-03-18T00:00:00+00:00 [queued]>
[2026-03-19T22:27:42.708+0800] {taskinstance.py:2306} INFO - Starting attempt 1 of 2
[2026-03-19T22:27:42.718+0800] {taskinstance.py:2330} INFO - Executing <Task(PythonOperator): load_features> on 2026-03-18 00:00:00+00:00
[2026-03-19T22:27:42.723+0800] {standard_task_runner.py:64} INFO - Started process 59324 to run task
[2026-03-19T22:27:42.726+0800] {standard_task_runner.py:90} INFO - Running: ['airflow', 'tasks', 'run', 'daily_churn_scoring', 'load_features', 'scheduled__2026-03-18T00:00:00+00:00', '--job-id', '6', '--raw', '--subdir', 'DAGS_FOLDER/churn_scoring_dag.py', '--cfg-path', '/var/folders/hp/wshm0kj56495pmfnlc5tzxcw0000gn/T/tmp42bnveyv']
[2026-03-19T22:27:42.728+0800] {standard_task_runner.py:91} INFO - Job 6: Subtask load_features
[2026-03-19T22:27:42.763+0800] {task_command.py:426} INFO - Running <TaskInstance: daily_churn_scoring.load_features scheduled__2026-03-18T00:00:00+00:00 [running]> on host lers-macbook-6.local
[2026-03-19T22:27:42.806+0800] {taskinstance.py:2648} INFO - Exporting env vars: AIRFLOW_CTX_DAG_OWNER='mlops' AIRFLOW_CTX_DAG_ID='daily_churn_scoring' AIRFLOW_CTX_TASK_ID='load_features' AIRFLOW_CTX_EXECUTION_DATE='2026-03-18T00:00:00+00:00' AIRFLOW_CTX_TRY_NUMBER='1' AIRFLOW_CTX_DAG_RUN_ID='scheduled__2026-03-18T00:00:00+00:00'
[2026-03-19T22:27:42.807+0800] {taskinstance.py:430} INFO - ::endgroup::
[2026-03-19T22:27:51.516+0800] {python.py:237} INFO - Done. Returned value was: None
[2026-03-19T22:27:51.519+0800] {taskinstance.py:441} INFO - ::group::Post task execution logs
[2026-03-19T22:27:51.527+0800] {taskinstance.py:1206} INFO - Marking task as SUCCESS. dag_id=daily_churn_scoring, task_id=load_features, run_id=scheduled__2026-03-18T00:00:00+00:00, execution_date=20260318T000000, start_date=20260319T142742, end_date=20260319T142751
[2026-03-19T22:27:51.540+0800] {local_task_job_runner.py:243} INFO - Task exited with return code 0
[2026-03-19T22:27:51.553+0800] {taskinstance.py:3503} INFO - 1 downstream tasks scheduled from follow-on schedule check
[2026-03-19T22:27:51.554+0800] {local_task_job_runner.py:222} INFO - ::endgroup::
[2026-03-19T22:38:15.374+0800] {local_task_job_runner.py:120} INFO - ::group::Pre task execution logs
[2026-03-19T22:38:15.387+0800] {taskinstance.py:2076} INFO - Dependencies all met for dep_context=non-requeueable deps ti=<TaskInstance: daily_churn_scoring.load_features scheduled__2026-03-18T00:00:00+00:00 [queued]>
[2026-03-19T22:38:15.399+0800] {taskinstance.py:2076} INFO - Dependencies all met for dep_context=requeueable deps ti=<TaskInstance: daily_churn_scoring.load_features scheduled__2026-03-18T00:00:00+00:00 [queued]>
[2026-03-19T22:38:15.399+0800] {taskinstance.py:2306} INFO - Starting attempt 1 of 2
[2026-03-19T22:38:15.403+0800] {taskinstance.py:2330} INFO - Executing <Task(PythonOperator): load_features> on 2026-03-18 00:00:00+00:00
[2026-03-19T22:38:15.414+0800] {standard_task_runner.py:64} INFO - Started process 70547 to run task
[2026-03-19T22:38:15.419+0800] {standard_task_runner.py:90} INFO - Running: ['airflow', 'tasks', 'run', 'daily_churn_scoring', 'load_features', 'scheduled__2026-03-18T00:00:00+00:00', '--job-id', '6', '--raw', '--subdir', 'DAGS_FOLDER/churn_scoring_dag.py', '--cfg-path', '/var/folders/hp/wshm0kj56495pmfnlc5tzxcw0000gn/T/tmpidol78nl']
[2026-03-19T22:38:15.422+0800] {standard_task_runner.py:91} INFO - Job 6: Subtask load_features
[2026-03-19T22:38:15.441+0800] {task_command.py:426} INFO - Running <TaskInstance: daily_churn_scoring.load_features scheduled__2026-03-18T00:00:00+00:00 [running]> on host lers-macbook-6.local
[2026-03-19T22:38:15.474+0800] {taskinstance.py:2648} INFO - Exporting env vars: AIRFLOW_CTX_DAG_OWNER='mlops' AIRFLOW_CTX_DAG_ID='daily_churn_scoring' AIRFLOW_CTX_TASK_ID='load_features' AIRFLOW_CTX_EXECUTION_DATE='2026-03-18T00:00:00+00:00' AIRFLOW_CTX_TRY_NUMBER='1' AIRFLOW_CTX_DAG_RUN_ID='scheduled__2026-03-18T00:00:00+00:00'
[2026-03-19T22:38:15.474+0800] {taskinstance.py:430} INFO - ::endgroup::
[2026-03-19T22:38:19.808+0800] {taskinstance.py:441} INFO - ::group::Post task execution logs
[2026-03-19T22:38:19.810+0800] {taskinstance.py:2905} ERROR - Task failed with exception
Traceback (most recent call last):
  File "/Users/lershuan/Downloads/bt4301-group-9/.venv/lib/python3.10/site-packages/airflow/models/taskinstance.py", line 465, in _execute_task
    result = _execute_callable(context=context, **execute_callable_kwargs)
  File "/Users/lershuan/Downloads/bt4301-group-9/.venv/lib/python3.10/site-packages/airflow/models/taskinstance.py", line 432, in _execute_callable
    return execute_callable(context=context, **execute_callable_kwargs)
  File "/Users/lershuan/Downloads/bt4301-group-9/.venv/lib/python3.10/site-packages/airflow/models/baseoperator.py", line 401, in wrapper
    return func(self, *args, **kwargs)
  File "/Users/lershuan/Downloads/bt4301-group-9/.venv/lib/python3.10/site-packages/airflow/operators/python.py", line 235, in execute
    return_value = self.execute_callable()
  File "/Users/lershuan/Downloads/bt4301-group-9/.venv/lib/python3.10/site-packages/airflow/operators/python.py", line 252, in execute_callable
    return self.python_callable(*self.op_args, **self.op_kwargs)
  File "/Users/lershuan/Downloads/bt4301-group-9/source/dataops/airflow/dags/churn_scoring_dag.py", line 41, in run_scoring_step
    subprocess.run(cmd, cwd=str(PROJECT_ROOT), check=True)
  File "/Library/Frameworks/Python.framework/Versions/3.10/lib/python3.10/subprocess.py", line 524, in run
    raise CalledProcessError(retcode, process.args,
subprocess.CalledProcessError: Command '['/Users/lershuan/Downloads/bt4301-group-9/.venv/bin/python3', '-B', '/Users/lershuan/Downloads/bt4301-group-9/source/mlops/score_churn.py', 'load_features']' returned non-zero exit status 1.
[2026-03-19T22:38:19.819+0800] {taskinstance.py:1206} INFO - Marking task as UP_FOR_RETRY. dag_id=daily_churn_scoring, task_id=load_features, run_id=scheduled__2026-03-18T00:00:00+00:00, execution_date=20260318T000000, start_date=20260319T143815, end_date=20260319T143819
[2026-03-19T22:38:19.825+0800] {standard_task_runner.py:110} ERROR - Failed to execute job 6 for task load_features (Command '['/Users/lershuan/Downloads/bt4301-group-9/.venv/bin/python3', '-B', '/Users/lershuan/Downloads/bt4301-group-9/source/mlops/score_churn.py', 'load_features']' returned non-zero exit status 1.; 70547)
[2026-03-19T22:38:19.829+0800] {local_task_job_runner.py:243} INFO - Task exited with return code 1
[2026-03-19T22:38:19.839+0800] {taskinstance.py:3503} INFO - 0 downstream tasks scheduled from follow-on schedule check
[2026-03-19T22:38:19.840+0800] {local_task_job_runner.py:222} INFO - ::endgroup::
[2026-03-19T22:45:22.983+0800] {local_task_job_runner.py:120} INFO - ::group::Pre task execution logs
[2026-03-19T22:45:23.003+0800] {taskinstance.py:2076} INFO - Dependencies all met for dep_context=non-requeueable deps ti=<TaskInstance: daily_churn_scoring.load_features scheduled__2026-03-18T00:00:00+00:00 [queued]>
[2026-03-19T22:45:23.009+0800] {taskinstance.py:2076} INFO - Dependencies all met for dep_context=requeueable deps ti=<TaskInstance: daily_churn_scoring.load_features scheduled__2026-03-18T00:00:00+00:00 [queued]>
[2026-03-19T22:45:23.009+0800] {taskinstance.py:2306} INFO - Starting attempt 1 of 2
[2026-03-19T22:45:23.017+0800] {taskinstance.py:2330} INFO - Executing <Task(PythonOperator): load_features> on 2026-03-18 00:00:00+00:00
[2026-03-19T22:45:23.023+0800] {standard_task_runner.py:64} INFO - Started process 75869 to run task
[2026-03-19T22:45:23.028+0800] {standard_task_runner.py:90} INFO - Running: ['airflow', 'tasks', 'run', 'daily_churn_scoring', 'load_features', 'scheduled__2026-03-18T00:00:00+00:00', '--job-id', '6', '--raw', '--subdir', 'DAGS_FOLDER/churn_scoring_dag.py', '--cfg-path', '/var/folders/hp/wshm0kj56495pmfnlc5tzxcw0000gn/T/tmpyef3oly4']
[2026-03-19T22:45:23.030+0800] {standard_task_runner.py:91} INFO - Job 6: Subtask load_features
[2026-03-19T22:45:23.061+0800] {task_command.py:426} INFO - Running <TaskInstance: daily_churn_scoring.load_features scheduled__2026-03-18T00:00:00+00:00 [running]> on host lers-macbook-6.local
[2026-03-19T22:45:23.102+0800] {taskinstance.py:2648} INFO - Exporting env vars: AIRFLOW_CTX_DAG_OWNER='mlops' AIRFLOW_CTX_DAG_ID='daily_churn_scoring' AIRFLOW_CTX_TASK_ID='load_features' AIRFLOW_CTX_EXECUTION_DATE='2026-03-18T00:00:00+00:00' AIRFLOW_CTX_TRY_NUMBER='1' AIRFLOW_CTX_DAG_RUN_ID='scheduled__2026-03-18T00:00:00+00:00'
[2026-03-19T22:45:23.102+0800] {taskinstance.py:430} INFO - ::endgroup::
[2026-03-19T22:45:26.308+0800] {taskinstance.py:441} INFO - ::group::Post task execution logs
[2026-03-19T22:45:26.310+0800] {taskinstance.py:2905} ERROR - Task failed with exception
Traceback (most recent call last):
  File "/Users/lershuan/Downloads/bt4301-group-9/.venv/lib/python3.10/site-packages/airflow/models/taskinstance.py", line 465, in _execute_task
    result = _execute_callable(context=context, **execute_callable_kwargs)
  File "/Users/lershuan/Downloads/bt4301-group-9/.venv/lib/python3.10/site-packages/airflow/models/taskinstance.py", line 432, in _execute_callable
    return execute_callable(context=context, **execute_callable_kwargs)
  File "/Users/lershuan/Downloads/bt4301-group-9/.venv/lib/python3.10/site-packages/airflow/models/baseoperator.py", line 401, in wrapper
    return func(self, *args, **kwargs)
  File "/Users/lershuan/Downloads/bt4301-group-9/.venv/lib/python3.10/site-packages/airflow/operators/python.py", line 235, in execute
    return_value = self.execute_callable()
  File "/Users/lershuan/Downloads/bt4301-group-9/.venv/lib/python3.10/site-packages/airflow/operators/python.py", line 252, in execute_callable
    return self.python_callable(*self.op_args, **self.op_kwargs)
  File "/Users/lershuan/Downloads/bt4301-group-9/source/dataops/airflow/dags/churn_scoring_dag.py", line 41, in run_scoring_step
    subprocess.run(cmd, cwd=str(PROJECT_ROOT), check=True)
  File "/Library/Frameworks/Python.framework/Versions/3.10/lib/python3.10/subprocess.py", line 524, in run
    raise CalledProcessError(retcode, process.args,
subprocess.CalledProcessError: Command '['/Users/lershuan/Downloads/bt4301-group-9/.venv/bin/python3', '-B', '/Users/lershuan/Downloads/bt4301-group-9/source/mlops/score_churn.py', 'load_features']' returned non-zero exit status 1.
[2026-03-19T22:45:26.320+0800] {taskinstance.py:1206} INFO - Marking task as UP_FOR_RETRY. dag_id=daily_churn_scoring, task_id=load_features, run_id=scheduled__2026-03-18T00:00:00+00:00, execution_date=20260318T000000, start_date=20260319T144523, end_date=20260319T144526
[2026-03-19T22:45:26.329+0800] {standard_task_runner.py:110} ERROR - Failed to execute job 6 for task load_features (Command '['/Users/lershuan/Downloads/bt4301-group-9/.venv/bin/python3', '-B', '/Users/lershuan/Downloads/bt4301-group-9/source/mlops/score_churn.py', 'load_features']' returned non-zero exit status 1.; 75869)
[2026-03-19T22:45:26.333+0800] {local_task_job_runner.py:243} INFO - Task exited with return code 1
[2026-03-19T22:45:26.344+0800] {taskinstance.py:3503} INFO - 0 downstream tasks scheduled from follow-on schedule check
[2026-03-19T22:45:26.345+0800] {local_task_job_runner.py:222} INFO - ::endgroup::
[2026-03-19T23:56:23.649+0800] {local_task_job_runner.py:120} INFO - ::group::Pre task execution logs
[2026-03-19T23:56:23.664+0800] {taskinstance.py:2076} INFO - Dependencies all met for dep_context=non-requeueable deps ti=<TaskInstance: daily_churn_scoring.load_features scheduled__2026-03-18T00:00:00+00:00 [queued]>
[2026-03-19T23:56:23.667+0800] {taskinstance.py:2076} INFO - Dependencies all met for dep_context=requeueable deps ti=<TaskInstance: daily_churn_scoring.load_features scheduled__2026-03-18T00:00:00+00:00 [queued]>
[2026-03-19T23:56:23.667+0800] {taskinstance.py:2306} INFO - Starting attempt 1 of 2
[2026-03-19T23:56:23.673+0800] {taskinstance.py:2330} INFO - Executing <Task(PythonOperator): load_features> on 2026-03-18 00:00:00+00:00
[2026-03-19T23:56:23.678+0800] {standard_task_runner.py:64} INFO - Started process 38881 to run task
[2026-03-19T23:56:23.686+0800] {standard_task_runner.py:90} INFO - Running: ['airflow', 'tasks', 'run', 'daily_churn_scoring', 'load_features', 'scheduled__2026-03-18T00:00:00+00:00', '--job-id', '13', '--raw', '--subdir', 'DAGS_FOLDER/churn_scoring_dag.py', '--cfg-path', '/var/folders/hp/wshm0kj56495pmfnlc5tzxcw0000gn/T/tmph_9dwwnf']
[2026-03-19T23:56:23.690+0800] {standard_task_runner.py:91} INFO - Job 13: Subtask load_features
[2026-03-19T23:56:23.737+0800] {task_command.py:426} INFO - Running <TaskInstance: daily_churn_scoring.load_features scheduled__2026-03-18T00:00:00+00:00 [running]> on host lers-macbook-6.local
[2026-03-19T23:56:23.795+0800] {taskinstance.py:2648} INFO - Exporting env vars: AIRFLOW_CTX_DAG_OWNER='mlops' AIRFLOW_CTX_DAG_ID='daily_churn_scoring' AIRFLOW_CTX_TASK_ID='load_features' AIRFLOW_CTX_EXECUTION_DATE='2026-03-18T00:00:00+00:00' AIRFLOW_CTX_TRY_NUMBER='1' AIRFLOW_CTX_DAG_RUN_ID='scheduled__2026-03-18T00:00:00+00:00'
[2026-03-19T23:56:23.796+0800] {taskinstance.py:430} INFO - ::endgroup::
[2026-03-19T23:56:31.179+0800] {python.py:237} INFO - Done. Returned value was: None
[2026-03-19T23:56:31.182+0800] {taskinstance.py:441} INFO - ::group::Post task execution logs
[2026-03-19T23:56:31.189+0800] {taskinstance.py:1206} INFO - Marking task as SUCCESS. dag_id=daily_churn_scoring, task_id=load_features, run_id=scheduled__2026-03-18T00:00:00+00:00, execution_date=20260318T000000, start_date=20260319T155623, end_date=20260319T155631
[2026-03-19T23:56:31.203+0800] {local_task_job_runner.py:243} INFO - Task exited with return code 0
[2026-03-19T23:56:31.217+0800] {taskinstance.py:3503} INFO - 1 downstream tasks scheduled from follow-on schedule check
[2026-03-19T23:56:31.217+0800] {local_task_job_runner.py:222} INFO - ::endgroup::
