[2026-03-19T22:28:08.060+0800] {local_task_job_runner.py:120} INFO - ::group::Pre task execution logs
[2026-03-19T22:28:08.073+0800] {taskinstance.py:2076} INFO - Dependencies all met for dep_context=non-requeueable deps ti=<TaskInstance: daily_churn_scoring.load_production_model manual__2026-03-19T14:27:40.889181+00:00 [queued]>
[2026-03-19T22:28:08.077+0800] {taskinstance.py:2076} INFO - Dependencies all met for dep_context=requeueable deps ti=<TaskInstance: daily_churn_scoring.load_production_model manual__2026-03-19T14:27:40.889181+00:00 [queued]>
[2026-03-19T22:28:08.077+0800] {taskinstance.py:2306} INFO - Starting attempt 1 of 2
[2026-03-19T22:28:08.086+0800] {taskinstance.py:2330} INFO - Executing <Task(PythonOperator): load_production_model> on 2026-03-19 14:27:40.889181+00:00
[2026-03-19T22:28:08.090+0800] {standard_task_runner.py:64} INFO - Started process 59692 to run task
[2026-03-19T22:28:08.095+0800] {standard_task_runner.py:90} INFO - Running: ['airflow', 'tasks', 'run', 'daily_churn_scoring', 'load_production_model', 'manual__2026-03-19T14:27:40.889181+00:00', '--job-id', '9', '--raw', '--subdir', 'DAGS_FOLDER/churn_scoring_dag.py', '--cfg-path', '/var/folders/hp/wshm0kj56495pmfnlc5tzxcw0000gn/T/tmp70z_s4wr']
[2026-03-19T22:28:08.097+0800] {standard_task_runner.py:91} INFO - Job 9: Subtask load_production_model
[2026-03-19T22:28:08.123+0800] {task_command.py:426} INFO - Running <TaskInstance: daily_churn_scoring.load_production_model manual__2026-03-19T14:27:40.889181+00:00 [running]> on host lers-macbook-6.local
[2026-03-19T22:28:08.154+0800] {taskinstance.py:2648} INFO - Exporting env vars: AIRFLOW_CTX_DAG_OWNER='mlops' AIRFLOW_CTX_DAG_ID='daily_churn_scoring' AIRFLOW_CTX_TASK_ID='load_production_model' AIRFLOW_CTX_EXECUTION_DATE='2026-03-19T14:27:40.889181+00:00' AIRFLOW_CTX_TRY_NUMBER='1' AIRFLOW_CTX_DAG_RUN_ID='manual__2026-03-19T14:27:40.889181+00:00'
[2026-03-19T22:28:08.154+0800] {taskinstance.py:430} INFO - ::endgroup::
[2026-03-19T22:28:11.005+0800] {taskinstance.py:441} INFO - ::group::Post task execution logs
[2026-03-19T22:28:11.008+0800] {taskinstance.py:2905} ERROR - Task failed with exception
Traceback (most recent call last):
  File "/Users/lershuan/Downloads/bt4301-group-9/.venv/lib/python3.10/site-packages/airflow/models/taskinstance.py", line 465, in _execute_task
    result = _execute_callable(context=context, **execute_callable_kwargs)
  File "/Users/lershuan/Downloads/bt4301-group-9/.venv/lib/python3.10/site-packages/airflow/models/taskinstance.py", line 432, in _execute_callable
    return execute_callable(context=context, **execute_callable_kwargs)
  File "/Users/lershuan/Downloads/bt4301-group-9/.venv/lib/python3.10/site-packages/airflow/models/baseoperator.py", line 401, in wrapper
    return func(self, *args, **kwargs)
  File "/Users/lershuan/Downloads/bt4301-group-9/.venv/lib/python3.10/site-packages/airflow/operators/python.py", line 235, in execute
    return_value = self.execute_callable()
  File "/Users/lershuan/Downloads/bt4301-group-9/.venv/lib/python3.10/site-packages/airflow/operators/python.py", line 252, in execute_callable
    return self.python_callable(*self.op_args, **self.op_kwargs)
  File "/Users/lershuan/Downloads/bt4301-group-9/source/dataops/airflow/dags/churn_scoring_dag.py", line 41, in run_scoring_step
    subprocess.run(cmd, cwd=str(PROJECT_ROOT), check=True)
  File "/Library/Frameworks/Python.framework/Versions/3.10/lib/python3.10/subprocess.py", line 524, in run
    raise CalledProcessError(retcode, process.args,
subprocess.CalledProcessError: Command '['/Users/lershuan/Downloads/bt4301-group-9/.venv/bin/python3', '-B', '/Users/lershuan/Downloads/bt4301-group-9/source/mlops/score_churn.py', 'load_production_model']' returned non-zero exit status 1.
[2026-03-19T22:28:11.020+0800] {taskinstance.py:1206} INFO - Marking task as UP_FOR_RETRY. dag_id=daily_churn_scoring, task_id=load_production_model, run_id=manual__2026-03-19T14:27:40.889181+00:00, execution_date=20260319T142740, start_date=20260319T142808, end_date=20260319T142811
[2026-03-19T22:28:11.027+0800] {standard_task_runner.py:110} ERROR - Failed to execute job 9 for task load_production_model (Command '['/Users/lershuan/Downloads/bt4301-group-9/.venv/bin/python3', '-B', '/Users/lershuan/Downloads/bt4301-group-9/source/mlops/score_churn.py', 'load_production_model']' returned non-zero exit status 1.; 59692)
[2026-03-19T22:28:11.031+0800] {local_task_job_runner.py:243} INFO - Task exited with return code 1
[2026-03-19T22:28:11.044+0800] {taskinstance.py:3503} INFO - 0 downstream tasks scheduled from follow-on schedule check
[2026-03-19T22:28:11.044+0800] {local_task_job_runner.py:222} INFO - ::endgroup::
