[2026-03-19T22:22:59.168+0800] {processor.py:161} INFO - Started process (PID=52809) to work on /Users/lershuan/Downloads/bt4301-group-9/source/dataops/airflow/dags/churn_scoring_dag.py
[2026-03-19T22:22:59.170+0800] {processor.py:830} INFO - Processing file /Users/lershuan/Downloads/bt4301-group-9/source/dataops/airflow/dags/churn_scoring_dag.py for tasks to queue
[2026-03-19T22:22:59.171+0800] {logging_mixin.py:188} INFO - [2026-03-19T22:22:59.171+0800] {dagbag.py:545} INFO - Filling up the DagBag from /Users/lershuan/Downloads/bt4301-group-9/source/dataops/airflow/dags/churn_scoring_dag.py
[2026-03-19T22:22:59.218+0800] {processor.py:840} INFO - DAG(s) 'daily_churn_scoring' retrieved from /Users/lershuan/Downloads/bt4301-group-9/source/dataops/airflow/dags/churn_scoring_dag.py
[2026-03-19T22:22:59.394+0800] {logging_mixin.py:188} INFO - [2026-03-19T22:22:59.394+0800] {override.py:1930} INFO - Created Permission View: can read on DAG:daily_churn_scoring
[2026-03-19T22:22:59.402+0800] {logging_mixin.py:188} INFO - [2026-03-19T22:22:59.402+0800] {override.py:1930} INFO - Created Permission View: can edit on DAG:daily_churn_scoring
[2026-03-19T22:22:59.407+0800] {logging_mixin.py:188} INFO - [2026-03-19T22:22:59.407+0800] {override.py:1930} INFO - Created Permission View: can delete on DAG:daily_churn_scoring
[2026-03-19T22:22:59.408+0800] {logging_mixin.py:188} INFO - [2026-03-19T22:22:59.407+0800] {dag.py:3089} INFO - Sync 1 DAGs
[2026-03-19T22:22:59.415+0800] {logging_mixin.py:188} INFO - [2026-03-19T22:22:59.414+0800] {dag.py:3111} INFO - Creating ORM DAG for daily_churn_scoring
[2026-03-19T22:22:59.422+0800] {logging_mixin.py:188} INFO - [2026-03-19T22:22:59.422+0800] {dag.py:3947} INFO - Setting next_dagrun for daily_churn_scoring to 2026-03-18 00:00:00+00:00, run_after=2026-03-19 00:00:00+00:00
[2026-03-19T22:22:59.444+0800] {processor.py:183} INFO - Processing /Users/lershuan/Downloads/bt4301-group-9/source/dataops/airflow/dags/churn_scoring_dag.py took 0.279 seconds
[2026-03-19T22:23:32.096+0800] {processor.py:161} INFO - Started process (PID=53325) to work on /Users/lershuan/Downloads/bt4301-group-9/source/dataops/airflow/dags/churn_scoring_dag.py
[2026-03-19T22:23:32.097+0800] {processor.py:830} INFO - Processing file /Users/lershuan/Downloads/bt4301-group-9/source/dataops/airflow/dags/churn_scoring_dag.py for tasks to queue
[2026-03-19T22:23:32.098+0800] {logging_mixin.py:188} INFO - [2026-03-19T22:23:32.098+0800] {dagbag.py:545} INFO - Filling up the DagBag from /Users/lershuan/Downloads/bt4301-group-9/source/dataops/airflow/dags/churn_scoring_dag.py
[2026-03-19T22:23:32.124+0800] {processor.py:840} INFO - DAG(s) 'daily_churn_scoring' retrieved from /Users/lershuan/Downloads/bt4301-group-9/source/dataops/airflow/dags/churn_scoring_dag.py
[2026-03-19T22:23:32.177+0800] {logging_mixin.py:188} INFO - [2026-03-19T22:23:32.177+0800] {dag.py:3089} INFO - Sync 1 DAGs
[2026-03-19T22:23:32.185+0800] {logging_mixin.py:188} INFO - [2026-03-19T22:23:32.185+0800] {dag.py:3947} INFO - Setting next_dagrun for daily_churn_scoring to 2026-03-18 00:00:00+00:00, run_after=2026-03-19 00:00:00+00:00
[2026-03-19T22:23:32.197+0800] {processor.py:183} INFO - Processing /Users/lershuan/Downloads/bt4301-group-9/source/dataops/airflow/dags/churn_scoring_dag.py took 0.103 seconds
[2026-03-19T22:24:04.093+0800] {processor.py:161} INFO - Started process (PID=53780) to work on /Users/lershuan/Downloads/bt4301-group-9/source/dataops/airflow/dags/churn_scoring_dag.py
[2026-03-19T22:24:04.095+0800] {processor.py:830} INFO - Processing file /Users/lershuan/Downloads/bt4301-group-9/source/dataops/airflow/dags/churn_scoring_dag.py for tasks to queue
[2026-03-19T22:24:04.096+0800] {logging_mixin.py:188} INFO - [2026-03-19T22:24:04.095+0800] {dagbag.py:545} INFO - Filling up the DagBag from /Users/lershuan/Downloads/bt4301-group-9/source/dataops/airflow/dags/churn_scoring_dag.py
[2026-03-19T22:24:04.114+0800] {processor.py:840} INFO - DAG(s) 'daily_churn_scoring' retrieved from /Users/lershuan/Downloads/bt4301-group-9/source/dataops/airflow/dags/churn_scoring_dag.py
[2026-03-19T22:24:04.159+0800] {logging_mixin.py:188} INFO - [2026-03-19T22:24:04.159+0800] {dag.py:3089} INFO - Sync 1 DAGs
[2026-03-19T22:24:04.167+0800] {logging_mixin.py:188} INFO - [2026-03-19T22:24:04.167+0800] {dag.py:3947} INFO - Setting next_dagrun for daily_churn_scoring to 2026-03-18 00:00:00+00:00, run_after=2026-03-19 00:00:00+00:00
[2026-03-19T22:24:04.178+0800] {processor.py:183} INFO - Processing /Users/lershuan/Downloads/bt4301-group-9/source/dataops/airflow/dags/churn_scoring_dag.py took 0.086 seconds
[2026-03-19T22:26:26.380+0800] {processor.py:161} INFO - Started process (PID=58435) to work on /Users/lershuan/Downloads/bt4301-group-9/source/dataops/airflow/dags/churn_scoring_dag.py
[2026-03-19T22:26:26.382+0800] {processor.py:830} INFO - Processing file /Users/lershuan/Downloads/bt4301-group-9/source/dataops/airflow/dags/churn_scoring_dag.py for tasks to queue
[2026-03-19T22:26:26.384+0800] {logging_mixin.py:188} INFO - [2026-03-19T22:26:26.383+0800] {dagbag.py:545} INFO - Filling up the DagBag from /Users/lershuan/Downloads/bt4301-group-9/source/dataops/airflow/dags/churn_scoring_dag.py
[2026-03-19T22:26:26.409+0800] {processor.py:840} INFO - DAG(s) 'daily_churn_scoring' retrieved from /Users/lershuan/Downloads/bt4301-group-9/source/dataops/airflow/dags/churn_scoring_dag.py
[2026-03-19T22:26:26.465+0800] {logging_mixin.py:188} INFO - [2026-03-19T22:26:26.465+0800] {dag.py:3089} INFO - Sync 1 DAGs
[2026-03-19T22:26:26.475+0800] {logging_mixin.py:188} INFO - [2026-03-19T22:26:26.475+0800] {dag.py:3947} INFO - Setting next_dagrun for daily_churn_scoring to 2026-03-18 00:00:00+00:00, run_after=2026-03-19 00:00:00+00:00
[2026-03-19T22:26:26.486+0800] {processor.py:183} INFO - Processing /Users/lershuan/Downloads/bt4301-group-9/source/dataops/airflow/dags/churn_scoring_dag.py took 0.109 seconds
[2026-03-19T22:27:11.052+0800] {processor.py:161} INFO - Started process (PID=58925) to work on /Users/lershuan/Downloads/bt4301-group-9/source/dataops/airflow/dags/churn_scoring_dag.py
[2026-03-19T22:27:11.058+0800] {processor.py:830} INFO - Processing file /Users/lershuan/Downloads/bt4301-group-9/source/dataops/airflow/dags/churn_scoring_dag.py for tasks to queue
[2026-03-19T22:27:11.059+0800] {logging_mixin.py:188} INFO - [2026-03-19T22:27:11.059+0800] {dagbag.py:545} INFO - Filling up the DagBag from /Users/lershuan/Downloads/bt4301-group-9/source/dataops/airflow/dags/churn_scoring_dag.py
[2026-03-19T22:27:11.133+0800] {processor.py:840} INFO - DAG(s) 'daily_churn_scoring' retrieved from /Users/lershuan/Downloads/bt4301-group-9/source/dataops/airflow/dags/churn_scoring_dag.py
[2026-03-19T22:27:11.251+0800] {logging_mixin.py:188} INFO - [2026-03-19T22:27:11.251+0800] {dag.py:3089} INFO - Sync 1 DAGs
[2026-03-19T22:27:11.266+0800] {logging_mixin.py:188} INFO - [2026-03-19T22:27:11.266+0800] {dag.py:3947} INFO - Setting next_dagrun for daily_churn_scoring to 2026-03-18 00:00:00+00:00, run_after=2026-03-19 00:00:00+00:00
[2026-03-19T22:27:11.284+0800] {processor.py:183} INFO - Processing /Users/lershuan/Downloads/bt4301-group-9/source/dataops/airflow/dags/churn_scoring_dag.py took 0.233 seconds
[2026-03-19T22:27:58.619+0800] {processor.py:161} INFO - Started process (PID=59552) to work on /Users/lershuan/Downloads/bt4301-group-9/source/dataops/airflow/dags/churn_scoring_dag.py
[2026-03-19T22:27:58.620+0800] {processor.py:830} INFO - Processing file /Users/lershuan/Downloads/bt4301-group-9/source/dataops/airflow/dags/churn_scoring_dag.py for tasks to queue
[2026-03-19T22:27:58.621+0800] {logging_mixin.py:188} INFO - [2026-03-19T22:27:58.621+0800] {dagbag.py:545} INFO - Filling up the DagBag from /Users/lershuan/Downloads/bt4301-group-9/source/dataops/airflow/dags/churn_scoring_dag.py
[2026-03-19T22:27:58.638+0800] {processor.py:840} INFO - DAG(s) 'daily_churn_scoring' retrieved from /Users/lershuan/Downloads/bt4301-group-9/source/dataops/airflow/dags/churn_scoring_dag.py
[2026-03-19T22:27:58.682+0800] {logging_mixin.py:188} INFO - [2026-03-19T22:27:58.682+0800] {dag.py:3089} INFO - Sync 1 DAGs
[2026-03-19T22:27:58.691+0800] {logging_mixin.py:188} INFO - [2026-03-19T22:27:58.691+0800] {dag.py:3947} INFO - Setting next_dagrun for daily_churn_scoring to 2026-03-19 00:00:00+00:00, run_after=2026-03-20 00:00:00+00:00
[2026-03-19T22:27:58.699+0800] {processor.py:183} INFO - Processing /Users/lershuan/Downloads/bt4301-group-9/source/dataops/airflow/dags/churn_scoring_dag.py took 0.082 seconds
[2026-03-19T22:28:31.190+0800] {processor.py:161} INFO - Started process (PID=59934) to work on /Users/lershuan/Downloads/bt4301-group-9/source/dataops/airflow/dags/churn_scoring_dag.py
[2026-03-19T22:28:31.194+0800] {processor.py:830} INFO - Processing file /Users/lershuan/Downloads/bt4301-group-9/source/dataops/airflow/dags/churn_scoring_dag.py for tasks to queue
[2026-03-19T22:28:31.194+0800] {logging_mixin.py:188} INFO - [2026-03-19T22:28:31.194+0800] {dagbag.py:545} INFO - Filling up the DagBag from /Users/lershuan/Downloads/bt4301-group-9/source/dataops/airflow/dags/churn_scoring_dag.py
[2026-03-19T22:28:31.224+0800] {processor.py:840} INFO - DAG(s) 'daily_churn_scoring' retrieved from /Users/lershuan/Downloads/bt4301-group-9/source/dataops/airflow/dags/churn_scoring_dag.py
[2026-03-19T22:28:31.278+0800] {logging_mixin.py:188} INFO - [2026-03-19T22:28:31.278+0800] {dag.py:3089} INFO - Sync 1 DAGs
[2026-03-19T22:28:31.287+0800] {logging_mixin.py:188} INFO - [2026-03-19T22:28:31.286+0800] {dag.py:3947} INFO - Setting next_dagrun for daily_churn_scoring to 2026-03-19 00:00:00+00:00, run_after=2026-03-20 00:00:00+00:00
[2026-03-19T22:28:31.299+0800] {processor.py:183} INFO - Processing /Users/lershuan/Downloads/bt4301-group-9/source/dataops/airflow/dags/churn_scoring_dag.py took 0.114 seconds
[2026-03-19T22:29:03.153+0800] {processor.py:161} INFO - Started process (PID=60290) to work on /Users/lershuan/Downloads/bt4301-group-9/source/dataops/airflow/dags/churn_scoring_dag.py
[2026-03-19T22:29:03.155+0800] {processor.py:830} INFO - Processing file /Users/lershuan/Downloads/bt4301-group-9/source/dataops/airflow/dags/churn_scoring_dag.py for tasks to queue
[2026-03-19T22:29:03.155+0800] {logging_mixin.py:188} INFO - [2026-03-19T22:29:03.155+0800] {dagbag.py:545} INFO - Filling up the DagBag from /Users/lershuan/Downloads/bt4301-group-9/source/dataops/airflow/dags/churn_scoring_dag.py
[2026-03-19T22:29:03.185+0800] {processor.py:840} INFO - DAG(s) 'daily_churn_scoring' retrieved from /Users/lershuan/Downloads/bt4301-group-9/source/dataops/airflow/dags/churn_scoring_dag.py
[2026-03-19T22:29:03.236+0800] {logging_mixin.py:188} INFO - [2026-03-19T22:29:03.236+0800] {dag.py:3089} INFO - Sync 1 DAGs
[2026-03-19T22:29:03.246+0800] {logging_mixin.py:188} INFO - [2026-03-19T22:29:03.246+0800] {dag.py:3947} INFO - Setting next_dagrun for daily_churn_scoring to 2026-03-19 00:00:00+00:00, run_after=2026-03-20 00:00:00+00:00
[2026-03-19T22:29:03.258+0800] {processor.py:183} INFO - Processing /Users/lershuan/Downloads/bt4301-group-9/source/dataops/airflow/dags/churn_scoring_dag.py took 0.106 seconds
[2026-03-19T22:29:35.029+0800] {processor.py:161} INFO - Started process (PID=60688) to work on /Users/lershuan/Downloads/bt4301-group-9/source/dataops/airflow/dags/churn_scoring_dag.py
[2026-03-19T22:29:35.030+0800] {processor.py:830} INFO - Processing file /Users/lershuan/Downloads/bt4301-group-9/source/dataops/airflow/dags/churn_scoring_dag.py for tasks to queue
[2026-03-19T22:29:35.031+0800] {logging_mixin.py:188} INFO - [2026-03-19T22:29:35.031+0800] {dagbag.py:545} INFO - Filling up the DagBag from /Users/lershuan/Downloads/bt4301-group-9/source/dataops/airflow/dags/churn_scoring_dag.py
[2026-03-19T22:29:35.063+0800] {processor.py:840} INFO - DAG(s) 'daily_churn_scoring' retrieved from /Users/lershuan/Downloads/bt4301-group-9/source/dataops/airflow/dags/churn_scoring_dag.py
[2026-03-19T22:29:35.122+0800] {logging_mixin.py:188} INFO - [2026-03-19T22:29:35.122+0800] {dag.py:3089} INFO - Sync 1 DAGs
[2026-03-19T22:29:35.131+0800] {logging_mixin.py:188} INFO - [2026-03-19T22:29:35.131+0800] {dag.py:3947} INFO - Setting next_dagrun for daily_churn_scoring to 2026-03-19 00:00:00+00:00, run_after=2026-03-20 00:00:00+00:00
[2026-03-19T22:29:35.146+0800] {processor.py:183} INFO - Processing /Users/lershuan/Downloads/bt4301-group-9/source/dataops/airflow/dags/churn_scoring_dag.py took 0.118 seconds
[2026-03-19T22:30:06.965+0800] {processor.py:161} INFO - Started process (PID=61033) to work on /Users/lershuan/Downloads/bt4301-group-9/source/dataops/airflow/dags/churn_scoring_dag.py
[2026-03-19T22:30:06.967+0800] {processor.py:830} INFO - Processing file /Users/lershuan/Downloads/bt4301-group-9/source/dataops/airflow/dags/churn_scoring_dag.py for tasks to queue
[2026-03-19T22:30:06.968+0800] {logging_mixin.py:188} INFO - [2026-03-19T22:30:06.968+0800] {dagbag.py:545} INFO - Filling up the DagBag from /Users/lershuan/Downloads/bt4301-group-9/source/dataops/airflow/dags/churn_scoring_dag.py
[2026-03-19T22:30:06.989+0800] {processor.py:840} INFO - DAG(s) 'daily_churn_scoring' retrieved from /Users/lershuan/Downloads/bt4301-group-9/source/dataops/airflow/dags/churn_scoring_dag.py
[2026-03-19T22:30:07.036+0800] {logging_mixin.py:188} INFO - [2026-03-19T22:30:07.036+0800] {dag.py:3089} INFO - Sync 1 DAGs
[2026-03-19T22:30:07.048+0800] {logging_mixin.py:188} INFO - [2026-03-19T22:30:07.048+0800] {dag.py:3947} INFO - Setting next_dagrun for daily_churn_scoring to 2026-03-19 00:00:00+00:00, run_after=2026-03-20 00:00:00+00:00
[2026-03-19T22:30:07.065+0800] {processor.py:183} INFO - Processing /Users/lershuan/Downloads/bt4301-group-9/source/dataops/airflow/dags/churn_scoring_dag.py took 0.101 seconds
[2026-03-19T22:30:39.943+0800] {processor.py:161} INFO - Started process (PID=61859) to work on /Users/lershuan/Downloads/bt4301-group-9/source/dataops/airflow/dags/churn_scoring_dag.py
[2026-03-19T22:30:39.946+0800] {processor.py:830} INFO - Processing file /Users/lershuan/Downloads/bt4301-group-9/source/dataops/airflow/dags/churn_scoring_dag.py for tasks to queue
[2026-03-19T22:30:39.947+0800] {logging_mixin.py:188} INFO - [2026-03-19T22:30:39.947+0800] {dagbag.py:545} INFO - Filling up the DagBag from /Users/lershuan/Downloads/bt4301-group-9/source/dataops/airflow/dags/churn_scoring_dag.py
[2026-03-19T22:30:39.985+0800] {processor.py:840} INFO - DAG(s) 'daily_churn_scoring' retrieved from /Users/lershuan/Downloads/bt4301-group-9/source/dataops/airflow/dags/churn_scoring_dag.py
[2026-03-19T22:30:40.042+0800] {logging_mixin.py:188} INFO - [2026-03-19T22:30:40.042+0800] {dag.py:3089} INFO - Sync 1 DAGs
[2026-03-19T22:30:40.052+0800] {logging_mixin.py:188} INFO - [2026-03-19T22:30:40.052+0800] {dag.py:3947} INFO - Setting next_dagrun for daily_churn_scoring to 2026-03-19 00:00:00+00:00, run_after=2026-03-20 00:00:00+00:00
[2026-03-19T22:30:40.066+0800] {processor.py:183} INFO - Processing /Users/lershuan/Downloads/bt4301-group-9/source/dataops/airflow/dags/churn_scoring_dag.py took 0.124 seconds
[2026-03-19T22:31:12.976+0800] {processor.py:161} INFO - Started process (PID=64064) to work on /Users/lershuan/Downloads/bt4301-group-9/source/dataops/airflow/dags/churn_scoring_dag.py
[2026-03-19T22:31:12.978+0800] {processor.py:830} INFO - Processing file /Users/lershuan/Downloads/bt4301-group-9/source/dataops/airflow/dags/churn_scoring_dag.py for tasks to queue
[2026-03-19T22:31:12.979+0800] {logging_mixin.py:188} INFO - [2026-03-19T22:31:12.979+0800] {dagbag.py:545} INFO - Filling up the DagBag from /Users/lershuan/Downloads/bt4301-group-9/source/dataops/airflow/dags/churn_scoring_dag.py
[2026-03-19T22:31:13.037+0800] {processor.py:840} INFO - DAG(s) 'daily_churn_scoring' retrieved from /Users/lershuan/Downloads/bt4301-group-9/source/dataops/airflow/dags/churn_scoring_dag.py
[2026-03-19T22:31:13.097+0800] {logging_mixin.py:188} INFO - [2026-03-19T22:31:13.097+0800] {dag.py:3089} INFO - Sync 1 DAGs
[2026-03-19T22:31:13.106+0800] {logging_mixin.py:188} INFO - [2026-03-19T22:31:13.106+0800] {dag.py:3947} INFO - Setting next_dagrun for daily_churn_scoring to 2026-03-19 00:00:00+00:00, run_after=2026-03-20 00:00:00+00:00
[2026-03-19T22:31:13.118+0800] {processor.py:183} INFO - Processing /Users/lershuan/Downloads/bt4301-group-9/source/dataops/airflow/dags/churn_scoring_dag.py took 0.144 seconds
[2026-03-19T22:31:46.492+0800] {processor.py:161} INFO - Started process (PID=64800) to work on /Users/lershuan/Downloads/bt4301-group-9/source/dataops/airflow/dags/churn_scoring_dag.py
[2026-03-19T22:31:46.495+0800] {processor.py:830} INFO - Processing file /Users/lershuan/Downloads/bt4301-group-9/source/dataops/airflow/dags/churn_scoring_dag.py for tasks to queue
[2026-03-19T22:31:46.495+0800] {logging_mixin.py:188} INFO - [2026-03-19T22:31:46.495+0800] {dagbag.py:545} INFO - Filling up the DagBag from /Users/lershuan/Downloads/bt4301-group-9/source/dataops/airflow/dags/churn_scoring_dag.py
[2026-03-19T22:31:46.534+0800] {processor.py:840} INFO - DAG(s) 'daily_churn_scoring' retrieved from /Users/lershuan/Downloads/bt4301-group-9/source/dataops/airflow/dags/churn_scoring_dag.py
[2026-03-19T22:31:46.607+0800] {logging_mixin.py:188} INFO - [2026-03-19T22:31:46.593+0800] {dag.py:3089} INFO - Sync 1 DAGs
[2026-03-19T22:31:46.618+0800] {logging_mixin.py:188} INFO - [2026-03-19T22:31:46.618+0800] {dag.py:3947} INFO - Setting next_dagrun for daily_churn_scoring to 2026-03-19 00:00:00+00:00, run_after=2026-03-20 00:00:00+00:00
[2026-03-19T22:31:46.626+0800] {processor.py:183} INFO - Processing /Users/lershuan/Downloads/bt4301-group-9/source/dataops/airflow/dags/churn_scoring_dag.py took 0.135 seconds
[2026-03-19T22:32:18.883+0800] {processor.py:161} INFO - Started process (PID=65306) to work on /Users/lershuan/Downloads/bt4301-group-9/source/dataops/airflow/dags/churn_scoring_dag.py
[2026-03-19T22:32:18.885+0800] {processor.py:830} INFO - Processing file /Users/lershuan/Downloads/bt4301-group-9/source/dataops/airflow/dags/churn_scoring_dag.py for tasks to queue
[2026-03-19T22:32:18.885+0800] {logging_mixin.py:188} INFO - [2026-03-19T22:32:18.885+0800] {dagbag.py:545} INFO - Filling up the DagBag from /Users/lershuan/Downloads/bt4301-group-9/source/dataops/airflow/dags/churn_scoring_dag.py
[2026-03-19T22:32:18.905+0800] {processor.py:840} INFO - DAG(s) 'daily_churn_scoring' retrieved from /Users/lershuan/Downloads/bt4301-group-9/source/dataops/airflow/dags/churn_scoring_dag.py
[2026-03-19T22:32:18.953+0800] {logging_mixin.py:188} INFO - [2026-03-19T22:32:18.953+0800] {dag.py:3089} INFO - Sync 1 DAGs
[2026-03-19T22:32:18.963+0800] {logging_mixin.py:188} INFO - [2026-03-19T22:32:18.963+0800] {dag.py:3947} INFO - Setting next_dagrun for daily_churn_scoring to 2026-03-19 00:00:00+00:00, run_after=2026-03-20 00:00:00+00:00
[2026-03-19T22:32:18.973+0800] {processor.py:183} INFO - Processing /Users/lershuan/Downloads/bt4301-group-9/source/dataops/airflow/dags/churn_scoring_dag.py took 0.092 seconds
[2026-03-19T22:32:52.761+0800] {processor.py:161} INFO - Started process (PID=65748) to work on /Users/lershuan/Downloads/bt4301-group-9/source/dataops/airflow/dags/churn_scoring_dag.py
[2026-03-19T22:32:52.764+0800] {processor.py:830} INFO - Processing file /Users/lershuan/Downloads/bt4301-group-9/source/dataops/airflow/dags/churn_scoring_dag.py for tasks to queue
[2026-03-19T22:32:52.765+0800] {logging_mixin.py:188} INFO - [2026-03-19T22:32:52.765+0800] {dagbag.py:545} INFO - Filling up the DagBag from /Users/lershuan/Downloads/bt4301-group-9/source/dataops/airflow/dags/churn_scoring_dag.py
[2026-03-19T22:32:52.816+0800] {processor.py:840} INFO - DAG(s) 'daily_churn_scoring' retrieved from /Users/lershuan/Downloads/bt4301-group-9/source/dataops/airflow/dags/churn_scoring_dag.py
[2026-03-19T22:32:52.959+0800] {logging_mixin.py:188} INFO - [2026-03-19T22:32:52.958+0800] {dag.py:3089} INFO - Sync 1 DAGs
[2026-03-19T22:32:52.991+0800] {logging_mixin.py:188} INFO - [2026-03-19T22:32:52.990+0800] {dag.py:3947} INFO - Setting next_dagrun for daily_churn_scoring to 2026-03-19 00:00:00+00:00, run_after=2026-03-20 00:00:00+00:00
[2026-03-19T22:32:53.017+0800] {processor.py:183} INFO - Processing /Users/lershuan/Downloads/bt4301-group-9/source/dataops/airflow/dags/churn_scoring_dag.py took 0.259 seconds
[2026-03-19T22:33:41.890+0800] {processor.py:161} INFO - Started process (PID=66769) to work on /Users/lershuan/Downloads/bt4301-group-9/source/dataops/airflow/dags/churn_scoring_dag.py
[2026-03-19T22:33:41.892+0800] {processor.py:830} INFO - Processing file /Users/lershuan/Downloads/bt4301-group-9/source/dataops/airflow/dags/churn_scoring_dag.py for tasks to queue
[2026-03-19T22:33:41.892+0800] {logging_mixin.py:188} INFO - [2026-03-19T22:33:41.892+0800] {dagbag.py:545} INFO - Filling up the DagBag from /Users/lershuan/Downloads/bt4301-group-9/source/dataops/airflow/dags/churn_scoring_dag.py
[2026-03-19T22:33:41.973+0800] {processor.py:840} INFO - DAG(s) 'daily_churn_scoring' retrieved from /Users/lershuan/Downloads/bt4301-group-9/source/dataops/airflow/dags/churn_scoring_dag.py
[2026-03-19T22:33:42.154+0800] {logging_mixin.py:188} INFO - [2026-03-19T22:33:42.153+0800] {dag.py:3089} INFO - Sync 1 DAGs
[2026-03-19T22:33:42.188+0800] {logging_mixin.py:188} INFO - [2026-03-19T22:33:42.187+0800] {dag.py:3947} INFO - Setting next_dagrun for daily_churn_scoring to 2026-03-19 00:00:00+00:00, run_after=2026-03-20 00:00:00+00:00
[2026-03-19T22:33:42.231+0800] {processor.py:183} INFO - Processing /Users/lershuan/Downloads/bt4301-group-9/source/dataops/airflow/dags/churn_scoring_dag.py took 0.344 seconds
[2026-03-19T22:35:41.115+0800] {processor.py:161} INFO - Started process (PID=68555) to work on /Users/lershuan/Downloads/bt4301-group-9/source/dataops/airflow/dags/churn_scoring_dag.py
[2026-03-19T22:35:41.116+0800] {processor.py:830} INFO - Processing file /Users/lershuan/Downloads/bt4301-group-9/source/dataops/airflow/dags/churn_scoring_dag.py for tasks to queue
[2026-03-19T22:35:41.116+0800] {logging_mixin.py:188} INFO - [2026-03-19T22:35:41.116+0800] {dagbag.py:545} INFO - Filling up the DagBag from /Users/lershuan/Downloads/bt4301-group-9/source/dataops/airflow/dags/churn_scoring_dag.py
[2026-03-19T22:35:41.138+0800] {processor.py:840} INFO - DAG(s) 'daily_churn_scoring' retrieved from /Users/lershuan/Downloads/bt4301-group-9/source/dataops/airflow/dags/churn_scoring_dag.py
[2026-03-19T22:35:41.198+0800] {logging_mixin.py:188} INFO - [2026-03-19T22:35:41.198+0800] {dag.py:3089} INFO - Sync 1 DAGs
[2026-03-19T22:35:41.209+0800] {logging_mixin.py:188} INFO - [2026-03-19T22:35:41.209+0800] {dag.py:3947} INFO - Setting next_dagrun for daily_churn_scoring to 2026-03-19 00:00:00+00:00, run_after=2026-03-20 00:00:00+00:00
[2026-03-19T22:35:41.222+0800] {processor.py:183} INFO - Processing /Users/lershuan/Downloads/bt4301-group-9/source/dataops/airflow/dags/churn_scoring_dag.py took 0.109 seconds
[2026-03-19T22:36:22.233+0800] {processor.py:161} INFO - Started process (PID=69188) to work on /Users/lershuan/Downloads/bt4301-group-9/source/dataops/airflow/dags/churn_scoring_dag.py
[2026-03-19T22:36:22.235+0800] {processor.py:830} INFO - Processing file /Users/lershuan/Downloads/bt4301-group-9/source/dataops/airflow/dags/churn_scoring_dag.py for tasks to queue
[2026-03-19T22:36:22.236+0800] {logging_mixin.py:188} INFO - [2026-03-19T22:36:22.236+0800] {dagbag.py:545} INFO - Filling up the DagBag from /Users/lershuan/Downloads/bt4301-group-9/source/dataops/airflow/dags/churn_scoring_dag.py
[2026-03-19T22:36:22.271+0800] {processor.py:840} INFO - DAG(s) 'daily_churn_scoring' retrieved from /Users/lershuan/Downloads/bt4301-group-9/source/dataops/airflow/dags/churn_scoring_dag.py
[2026-03-19T22:36:22.353+0800] {logging_mixin.py:188} INFO - [2026-03-19T22:36:22.353+0800] {dag.py:3089} INFO - Sync 1 DAGs
[2026-03-19T22:36:22.367+0800] {logging_mixin.py:188} INFO - [2026-03-19T22:36:22.367+0800] {dag.py:3947} INFO - Setting next_dagrun for daily_churn_scoring to 2026-03-19 00:00:00+00:00, run_after=2026-03-20 00:00:00+00:00
[2026-03-19T22:36:22.381+0800] {processor.py:183} INFO - Processing /Users/lershuan/Downloads/bt4301-group-9/source/dataops/airflow/dags/churn_scoring_dag.py took 0.151 seconds
[2026-03-19T22:36:53.907+0800] {processor.py:161} INFO - Started process (PID=69677) to work on /Users/lershuan/Downloads/bt4301-group-9/source/dataops/airflow/dags/churn_scoring_dag.py
[2026-03-19T22:36:53.909+0800] {processor.py:830} INFO - Processing file /Users/lershuan/Downloads/bt4301-group-9/source/dataops/airflow/dags/churn_scoring_dag.py for tasks to queue
[2026-03-19T22:36:53.909+0800] {logging_mixin.py:188} INFO - [2026-03-19T22:36:53.909+0800] {dagbag.py:545} INFO - Filling up the DagBag from /Users/lershuan/Downloads/bt4301-group-9/source/dataops/airflow/dags/churn_scoring_dag.py
[2026-03-19T22:36:53.933+0800] {processor.py:840} INFO - DAG(s) 'daily_churn_scoring' retrieved from /Users/lershuan/Downloads/bt4301-group-9/source/dataops/airflow/dags/churn_scoring_dag.py
[2026-03-19T22:36:53.985+0800] {logging_mixin.py:188} INFO - [2026-03-19T22:36:53.985+0800] {dag.py:3089} INFO - Sync 1 DAGs
[2026-03-19T22:36:54.022+0800] {logging_mixin.py:188} INFO - [2026-03-19T22:36:54.022+0800] {dag.py:3947} INFO - Setting next_dagrun for daily_churn_scoring to 2026-03-19 00:00:00+00:00, run_after=2026-03-20 00:00:00+00:00
[2026-03-19T22:36:54.053+0800] {processor.py:183} INFO - Processing /Users/lershuan/Downloads/bt4301-group-9/source/dataops/airflow/dags/churn_scoring_dag.py took 0.147 seconds
[2026-03-19T22:37:25.950+0800] {processor.py:161} INFO - Started process (PID=70051) to work on /Users/lershuan/Downloads/bt4301-group-9/source/dataops/airflow/dags/churn_scoring_dag.py
[2026-03-19T22:37:25.952+0800] {processor.py:830} INFO - Processing file /Users/lershuan/Downloads/bt4301-group-9/source/dataops/airflow/dags/churn_scoring_dag.py for tasks to queue
[2026-03-19T22:37:25.952+0800] {logging_mixin.py:188} INFO - [2026-03-19T22:37:25.952+0800] {dagbag.py:545} INFO - Filling up the DagBag from /Users/lershuan/Downloads/bt4301-group-9/source/dataops/airflow/dags/churn_scoring_dag.py
[2026-03-19T22:37:25.971+0800] {processor.py:840} INFO - DAG(s) 'daily_churn_scoring' retrieved from /Users/lershuan/Downloads/bt4301-group-9/source/dataops/airflow/dags/churn_scoring_dag.py
[2026-03-19T22:37:26.013+0800] {logging_mixin.py:188} INFO - [2026-03-19T22:37:26.013+0800] {dag.py:3089} INFO - Sync 1 DAGs
[2026-03-19T22:37:26.023+0800] {logging_mixin.py:188} INFO - [2026-03-19T22:37:26.023+0800] {dag.py:3947} INFO - Setting next_dagrun for daily_churn_scoring to 2026-03-19 00:00:00+00:00, run_after=2026-03-20 00:00:00+00:00
[2026-03-19T22:37:26.033+0800] {processor.py:183} INFO - Processing /Users/lershuan/Downloads/bt4301-group-9/source/dataops/airflow/dags/churn_scoring_dag.py took 0.085 seconds
[2026-03-19T22:37:57.564+0800] {processor.py:161} INFO - Started process (PID=70411) to work on /Users/lershuan/Downloads/bt4301-group-9/source/dataops/airflow/dags/churn_scoring_dag.py
[2026-03-19T22:37:57.567+0800] {processor.py:830} INFO - Processing file /Users/lershuan/Downloads/bt4301-group-9/source/dataops/airflow/dags/churn_scoring_dag.py for tasks to queue
[2026-03-19T22:37:57.567+0800] {logging_mixin.py:188} INFO - [2026-03-19T22:37:57.567+0800] {dagbag.py:545} INFO - Filling up the DagBag from /Users/lershuan/Downloads/bt4301-group-9/source/dataops/airflow/dags/churn_scoring_dag.py
[2026-03-19T22:37:57.586+0800] {processor.py:840} INFO - DAG(s) 'daily_churn_scoring' retrieved from /Users/lershuan/Downloads/bt4301-group-9/source/dataops/airflow/dags/churn_scoring_dag.py
[2026-03-19T22:37:57.701+0800] {logging_mixin.py:188} INFO - [2026-03-19T22:37:57.700+0800] {dag.py:3089} INFO - Sync 1 DAGs
[2026-03-19T22:37:57.705+0800] {logging_mixin.py:188} INFO - [2026-03-19T22:37:57.705+0800] {dag.py:3111} INFO - Creating ORM DAG for daily_churn_scoring
[2026-03-19T22:37:57.708+0800] {logging_mixin.py:188} INFO - [2026-03-19T22:37:57.708+0800] {dag.py:3947} INFO - Setting next_dagrun for daily_churn_scoring to 2026-03-18 00:00:00+00:00, run_after=2026-03-19 00:00:00+00:00
[2026-03-19T22:37:57.725+0800] {processor.py:183} INFO - Processing /Users/lershuan/Downloads/bt4301-group-9/source/dataops/airflow/dags/churn_scoring_dag.py took 0.162 seconds
[2026-03-19T22:38:29.398+0800] {processor.py:161} INFO - Started process (PID=70783) to work on /Users/lershuan/Downloads/bt4301-group-9/source/dataops/airflow/dags/churn_scoring_dag.py
[2026-03-19T22:38:29.400+0800] {processor.py:830} INFO - Processing file /Users/lershuan/Downloads/bt4301-group-9/source/dataops/airflow/dags/churn_scoring_dag.py for tasks to queue
[2026-03-19T22:38:29.400+0800] {logging_mixin.py:188} INFO - [2026-03-19T22:38:29.400+0800] {dagbag.py:545} INFO - Filling up the DagBag from /Users/lershuan/Downloads/bt4301-group-9/source/dataops/airflow/dags/churn_scoring_dag.py
[2026-03-19T22:38:29.417+0800] {processor.py:840} INFO - DAG(s) 'daily_churn_scoring' retrieved from /Users/lershuan/Downloads/bt4301-group-9/source/dataops/airflow/dags/churn_scoring_dag.py
[2026-03-19T22:38:29.460+0800] {logging_mixin.py:188} INFO - [2026-03-19T22:38:29.460+0800] {dag.py:3089} INFO - Sync 1 DAGs
[2026-03-19T22:38:29.468+0800] {logging_mixin.py:188} INFO - [2026-03-19T22:38:29.468+0800] {dag.py:3947} INFO - Setting next_dagrun for daily_churn_scoring to 2026-03-19 00:00:00+00:00, run_after=2026-03-20 00:00:00+00:00
[2026-03-19T22:38:29.479+0800] {processor.py:183} INFO - Processing /Users/lershuan/Downloads/bt4301-group-9/source/dataops/airflow/dags/churn_scoring_dag.py took 0.083 seconds
[2026-03-19T22:39:01.175+0800] {processor.py:161} INFO - Started process (PID=71146) to work on /Users/lershuan/Downloads/bt4301-group-9/source/dataops/airflow/dags/churn_scoring_dag.py
[2026-03-19T22:39:01.177+0800] {processor.py:830} INFO - Processing file /Users/lershuan/Downloads/bt4301-group-9/source/dataops/airflow/dags/churn_scoring_dag.py for tasks to queue
[2026-03-19T22:39:01.177+0800] {logging_mixin.py:188} INFO - [2026-03-19T22:39:01.177+0800] {dagbag.py:545} INFO - Filling up the DagBag from /Users/lershuan/Downloads/bt4301-group-9/source/dataops/airflow/dags/churn_scoring_dag.py
[2026-03-19T22:39:01.198+0800] {processor.py:840} INFO - DAG(s) 'daily_churn_scoring' retrieved from /Users/lershuan/Downloads/bt4301-group-9/source/dataops/airflow/dags/churn_scoring_dag.py
[2026-03-19T22:39:01.242+0800] {logging_mixin.py:188} INFO - [2026-03-19T22:39:01.242+0800] {dag.py:3089} INFO - Sync 1 DAGs
[2026-03-19T22:39:01.249+0800] {logging_mixin.py:188} INFO - [2026-03-19T22:39:01.249+0800] {dag.py:3947} INFO - Setting next_dagrun for daily_churn_scoring to 2026-03-19 00:00:00+00:00, run_after=2026-03-20 00:00:00+00:00
[2026-03-19T22:39:01.257+0800] {processor.py:183} INFO - Processing /Users/lershuan/Downloads/bt4301-group-9/source/dataops/airflow/dags/churn_scoring_dag.py took 0.083 seconds
[2026-03-19T22:39:32.933+0800] {processor.py:161} INFO - Started process (PID=71510) to work on /Users/lershuan/Downloads/bt4301-group-9/source/dataops/airflow/dags/churn_scoring_dag.py
[2026-03-19T22:39:32.937+0800] {processor.py:830} INFO - Processing file /Users/lershuan/Downloads/bt4301-group-9/source/dataops/airflow/dags/churn_scoring_dag.py for tasks to queue
[2026-03-19T22:39:32.937+0800] {logging_mixin.py:188} INFO - [2026-03-19T22:39:32.937+0800] {dagbag.py:545} INFO - Filling up the DagBag from /Users/lershuan/Downloads/bt4301-group-9/source/dataops/airflow/dags/churn_scoring_dag.py
[2026-03-19T22:39:32.982+0800] {processor.py:840} INFO - DAG(s) 'daily_churn_scoring' retrieved from /Users/lershuan/Downloads/bt4301-group-9/source/dataops/airflow/dags/churn_scoring_dag.py
[2026-03-19T22:39:33.047+0800] {logging_mixin.py:188} INFO - [2026-03-19T22:39:33.046+0800] {dag.py:3089} INFO - Sync 1 DAGs
[2026-03-19T22:39:33.060+0800] {logging_mixin.py:188} INFO - [2026-03-19T22:39:33.060+0800] {dag.py:3947} INFO - Setting next_dagrun for daily_churn_scoring to 2026-03-19 00:00:00+00:00, run_after=2026-03-20 00:00:00+00:00
[2026-03-19T22:39:33.069+0800] {processor.py:183} INFO - Processing /Users/lershuan/Downloads/bt4301-group-9/source/dataops/airflow/dags/churn_scoring_dag.py took 0.137 seconds
[2026-03-19T22:40:04.388+0800] {processor.py:161} INFO - Started process (PID=71863) to work on /Users/lershuan/Downloads/bt4301-group-9/source/dataops/airflow/dags/churn_scoring_dag.py
[2026-03-19T22:40:04.390+0800] {processor.py:830} INFO - Processing file /Users/lershuan/Downloads/bt4301-group-9/source/dataops/airflow/dags/churn_scoring_dag.py for tasks to queue
[2026-03-19T22:40:04.390+0800] {logging_mixin.py:188} INFO - [2026-03-19T22:40:04.390+0800] {dagbag.py:545} INFO - Filling up the DagBag from /Users/lershuan/Downloads/bt4301-group-9/source/dataops/airflow/dags/churn_scoring_dag.py
[2026-03-19T22:40:04.407+0800] {processor.py:840} INFO - DAG(s) 'daily_churn_scoring' retrieved from /Users/lershuan/Downloads/bt4301-group-9/source/dataops/airflow/dags/churn_scoring_dag.py
[2026-03-19T22:40:04.447+0800] {logging_mixin.py:188} INFO - [2026-03-19T22:40:04.447+0800] {dag.py:3089} INFO - Sync 1 DAGs
[2026-03-19T22:40:04.454+0800] {logging_mixin.py:188} INFO - [2026-03-19T22:40:04.454+0800] {dag.py:3947} INFO - Setting next_dagrun for daily_churn_scoring to 2026-03-19 00:00:00+00:00, run_after=2026-03-20 00:00:00+00:00
[2026-03-19T22:40:04.465+0800] {processor.py:183} INFO - Processing /Users/lershuan/Downloads/bt4301-group-9/source/dataops/airflow/dags/churn_scoring_dag.py took 0.078 seconds
[2026-03-19T22:40:35.808+0800] {processor.py:161} INFO - Started process (PID=72209) to work on /Users/lershuan/Downloads/bt4301-group-9/source/dataops/airflow/dags/churn_scoring_dag.py
[2026-03-19T22:40:35.810+0800] {processor.py:830} INFO - Processing file /Users/lershuan/Downloads/bt4301-group-9/source/dataops/airflow/dags/churn_scoring_dag.py for tasks to queue
[2026-03-19T22:40:35.810+0800] {logging_mixin.py:188} INFO - [2026-03-19T22:40:35.810+0800] {dagbag.py:545} INFO - Filling up the DagBag from /Users/lershuan/Downloads/bt4301-group-9/source/dataops/airflow/dags/churn_scoring_dag.py
[2026-03-19T22:40:35.830+0800] {processor.py:840} INFO - DAG(s) 'daily_churn_scoring' retrieved from /Users/lershuan/Downloads/bt4301-group-9/source/dataops/airflow/dags/churn_scoring_dag.py
[2026-03-19T22:40:35.873+0800] {logging_mixin.py:188} INFO - [2026-03-19T22:40:35.873+0800] {dag.py:3089} INFO - Sync 1 DAGs
[2026-03-19T22:40:35.881+0800] {logging_mixin.py:188} INFO - [2026-03-19T22:40:35.881+0800] {dag.py:3947} INFO - Setting next_dagrun for daily_churn_scoring to 2026-03-19 00:00:00+00:00, run_after=2026-03-20 00:00:00+00:00
[2026-03-19T22:40:35.891+0800] {processor.py:183} INFO - Processing /Users/lershuan/Downloads/bt4301-group-9/source/dataops/airflow/dags/churn_scoring_dag.py took 0.084 seconds
[2026-03-19T22:41:07.718+0800] {processor.py:161} INFO - Started process (PID=72566) to work on /Users/lershuan/Downloads/bt4301-group-9/source/dataops/airflow/dags/churn_scoring_dag.py
[2026-03-19T22:41:07.720+0800] {processor.py:830} INFO - Processing file /Users/lershuan/Downloads/bt4301-group-9/source/dataops/airflow/dags/churn_scoring_dag.py for tasks to queue
[2026-03-19T22:41:07.720+0800] {logging_mixin.py:188} INFO - [2026-03-19T22:41:07.720+0800] {dagbag.py:545} INFO - Filling up the DagBag from /Users/lershuan/Downloads/bt4301-group-9/source/dataops/airflow/dags/churn_scoring_dag.py
[2026-03-19T22:41:07.740+0800] {processor.py:840} INFO - DAG(s) 'daily_churn_scoring' retrieved from /Users/lershuan/Downloads/bt4301-group-9/source/dataops/airflow/dags/churn_scoring_dag.py
[2026-03-19T22:41:07.786+0800] {logging_mixin.py:188} INFO - [2026-03-19T22:41:07.786+0800] {dag.py:3089} INFO - Sync 1 DAGs
[2026-03-19T22:41:07.793+0800] {logging_mixin.py:188} INFO - [2026-03-19T22:41:07.793+0800] {dag.py:3947} INFO - Setting next_dagrun for daily_churn_scoring to 2026-03-19 00:00:00+00:00, run_after=2026-03-20 00:00:00+00:00
[2026-03-19T22:41:07.801+0800] {processor.py:183} INFO - Processing /Users/lershuan/Downloads/bt4301-group-9/source/dataops/airflow/dags/churn_scoring_dag.py took 0.084 seconds
[2026-03-19T22:41:39.832+0800] {processor.py:161} INFO - Started process (PID=72949) to work on /Users/lershuan/Downloads/bt4301-group-9/source/dataops/airflow/dags/churn_scoring_dag.py
[2026-03-19T22:41:39.834+0800] {processor.py:830} INFO - Processing file /Users/lershuan/Downloads/bt4301-group-9/source/dataops/airflow/dags/churn_scoring_dag.py for tasks to queue
[2026-03-19T22:41:39.834+0800] {logging_mixin.py:188} INFO - [2026-03-19T22:41:39.834+0800] {dagbag.py:545} INFO - Filling up the DagBag from /Users/lershuan/Downloads/bt4301-group-9/source/dataops/airflow/dags/churn_scoring_dag.py
[2026-03-19T22:41:39.856+0800] {processor.py:840} INFO - DAG(s) 'daily_churn_scoring' retrieved from /Users/lershuan/Downloads/bt4301-group-9/source/dataops/airflow/dags/churn_scoring_dag.py
[2026-03-19T22:41:39.899+0800] {logging_mixin.py:188} INFO - [2026-03-19T22:41:39.899+0800] {dag.py:3089} INFO - Sync 1 DAGs
[2026-03-19T22:41:39.906+0800] {logging_mixin.py:188} INFO - [2026-03-19T22:41:39.906+0800] {dag.py:3947} INFO - Setting next_dagrun for daily_churn_scoring to 2026-03-19 00:00:00+00:00, run_after=2026-03-20 00:00:00+00:00
[2026-03-19T22:41:39.915+0800] {processor.py:183} INFO - Processing /Users/lershuan/Downloads/bt4301-group-9/source/dataops/airflow/dags/churn_scoring_dag.py took 0.085 seconds
[2026-03-19T22:42:11.620+0800] {processor.py:161} INFO - Started process (PID=73499) to work on /Users/lershuan/Downloads/bt4301-group-9/source/dataops/airflow/dags/churn_scoring_dag.py
[2026-03-19T22:42:11.622+0800] {processor.py:830} INFO - Processing file /Users/lershuan/Downloads/bt4301-group-9/source/dataops/airflow/dags/churn_scoring_dag.py for tasks to queue
[2026-03-19T22:42:11.622+0800] {logging_mixin.py:188} INFO - [2026-03-19T22:42:11.622+0800] {dagbag.py:545} INFO - Filling up the DagBag from /Users/lershuan/Downloads/bt4301-group-9/source/dataops/airflow/dags/churn_scoring_dag.py
[2026-03-19T22:42:11.640+0800] {processor.py:840} INFO - DAG(s) 'daily_churn_scoring' retrieved from /Users/lershuan/Downloads/bt4301-group-9/source/dataops/airflow/dags/churn_scoring_dag.py
[2026-03-19T22:42:11.680+0800] {logging_mixin.py:188} INFO - [2026-03-19T22:42:11.680+0800] {dag.py:3089} INFO - Sync 1 DAGs
[2026-03-19T22:42:11.688+0800] {logging_mixin.py:188} INFO - [2026-03-19T22:42:11.688+0800] {dag.py:3947} INFO - Setting next_dagrun for daily_churn_scoring to 2026-03-19 00:00:00+00:00, run_after=2026-03-20 00:00:00+00:00
[2026-03-19T22:42:11.697+0800] {processor.py:183} INFO - Processing /Users/lershuan/Downloads/bt4301-group-9/source/dataops/airflow/dags/churn_scoring_dag.py took 0.077 seconds
[2026-03-19T22:42:43.334+0800] {processor.py:161} INFO - Started process (PID=73921) to work on /Users/lershuan/Downloads/bt4301-group-9/source/dataops/airflow/dags/churn_scoring_dag.py
[2026-03-19T22:42:43.336+0800] {processor.py:830} INFO - Processing file /Users/lershuan/Downloads/bt4301-group-9/source/dataops/airflow/dags/churn_scoring_dag.py for tasks to queue
[2026-03-19T22:42:43.336+0800] {logging_mixin.py:188} INFO - [2026-03-19T22:42:43.336+0800] {dagbag.py:545} INFO - Filling up the DagBag from /Users/lershuan/Downloads/bt4301-group-9/source/dataops/airflow/dags/churn_scoring_dag.py
[2026-03-19T22:42:43.356+0800] {processor.py:840} INFO - DAG(s) 'daily_churn_scoring' retrieved from /Users/lershuan/Downloads/bt4301-group-9/source/dataops/airflow/dags/churn_scoring_dag.py
[2026-03-19T22:42:43.404+0800] {logging_mixin.py:188} INFO - [2026-03-19T22:42:43.404+0800] {dag.py:3089} INFO - Sync 1 DAGs
[2026-03-19T22:42:43.412+0800] {logging_mixin.py:188} INFO - [2026-03-19T22:42:43.412+0800] {dag.py:3947} INFO - Setting next_dagrun for daily_churn_scoring to 2026-03-19 00:00:00+00:00, run_after=2026-03-20 00:00:00+00:00
[2026-03-19T22:42:43.420+0800] {processor.py:183} INFO - Processing /Users/lershuan/Downloads/bt4301-group-9/source/dataops/airflow/dags/churn_scoring_dag.py took 0.087 seconds
[2026-03-19T22:43:15.534+0800] {processor.py:161} INFO - Started process (PID=74361) to work on /Users/lershuan/Downloads/bt4301-group-9/source/dataops/airflow/dags/churn_scoring_dag.py
[2026-03-19T22:43:15.536+0800] {processor.py:830} INFO - Processing file /Users/lershuan/Downloads/bt4301-group-9/source/dataops/airflow/dags/churn_scoring_dag.py for tasks to queue
[2026-03-19T22:43:15.536+0800] {logging_mixin.py:188} INFO - [2026-03-19T22:43:15.536+0800] {dagbag.py:545} INFO - Filling up the DagBag from /Users/lershuan/Downloads/bt4301-group-9/source/dataops/airflow/dags/churn_scoring_dag.py
[2026-03-19T22:43:15.554+0800] {processor.py:840} INFO - DAG(s) 'daily_churn_scoring' retrieved from /Users/lershuan/Downloads/bt4301-group-9/source/dataops/airflow/dags/churn_scoring_dag.py
[2026-03-19T22:43:15.596+0800] {logging_mixin.py:188} INFO - [2026-03-19T22:43:15.596+0800] {dag.py:3089} INFO - Sync 1 DAGs
[2026-03-19T22:43:15.604+0800] {logging_mixin.py:188} INFO - [2026-03-19T22:43:15.604+0800] {dag.py:3947} INFO - Setting next_dagrun for daily_churn_scoring to 2026-03-19 00:00:00+00:00, run_after=2026-03-20 00:00:00+00:00
[2026-03-19T22:43:15.611+0800] {processor.py:183} INFO - Processing /Users/lershuan/Downloads/bt4301-group-9/source/dataops/airflow/dags/churn_scoring_dag.py took 0.078 seconds
[2026-03-19T22:43:49.198+0800] {processor.py:161} INFO - Started process (PID=74761) to work on /Users/lershuan/Downloads/bt4301-group-9/source/dataops/airflow/dags/churn_scoring_dag.py
[2026-03-19T22:43:49.201+0800] {processor.py:830} INFO - Processing file /Users/lershuan/Downloads/bt4301-group-9/source/dataops/airflow/dags/churn_scoring_dag.py for tasks to queue
[2026-03-19T22:43:49.201+0800] {logging_mixin.py:188} INFO - [2026-03-19T22:43:49.201+0800] {dagbag.py:545} INFO - Filling up the DagBag from /Users/lershuan/Downloads/bt4301-group-9/source/dataops/airflow/dags/churn_scoring_dag.py
[2026-03-19T22:43:49.239+0800] {processor.py:840} INFO - DAG(s) 'daily_churn_scoring' retrieved from /Users/lershuan/Downloads/bt4301-group-9/source/dataops/airflow/dags/churn_scoring_dag.py
[2026-03-19T22:43:49.318+0800] {logging_mixin.py:188} INFO - [2026-03-19T22:43:49.318+0800] {dag.py:3089} INFO - Sync 1 DAGs
[2026-03-19T22:43:49.329+0800] {logging_mixin.py:188} INFO - [2026-03-19T22:43:49.328+0800] {dag.py:3947} INFO - Setting next_dagrun for daily_churn_scoring to 2026-03-19 00:00:00+00:00, run_after=2026-03-20 00:00:00+00:00
[2026-03-19T22:43:49.344+0800] {processor.py:183} INFO - Processing /Users/lershuan/Downloads/bt4301-group-9/source/dataops/airflow/dags/churn_scoring_dag.py took 0.147 seconds
[2026-03-19T22:44:22.875+0800] {processor.py:161} INFO - Started process (PID=75155) to work on /Users/lershuan/Downloads/bt4301-group-9/source/dataops/airflow/dags/churn_scoring_dag.py
[2026-03-19T22:44:22.878+0800] {processor.py:830} INFO - Processing file /Users/lershuan/Downloads/bt4301-group-9/source/dataops/airflow/dags/churn_scoring_dag.py for tasks to queue
[2026-03-19T22:44:22.879+0800] {logging_mixin.py:188} INFO - [2026-03-19T22:44:22.879+0800] {dagbag.py:545} INFO - Filling up the DagBag from /Users/lershuan/Downloads/bt4301-group-9/source/dataops/airflow/dags/churn_scoring_dag.py
[2026-03-19T22:44:22.913+0800] {processor.py:840} INFO - DAG(s) 'daily_churn_scoring' retrieved from /Users/lershuan/Downloads/bt4301-group-9/source/dataops/airflow/dags/churn_scoring_dag.py
[2026-03-19T22:44:22.970+0800] {logging_mixin.py:188} INFO - [2026-03-19T22:44:22.970+0800] {dag.py:3089} INFO - Sync 1 DAGs
[2026-03-19T22:44:22.982+0800] {logging_mixin.py:188} INFO - [2026-03-19T22:44:22.982+0800] {dag.py:3947} INFO - Setting next_dagrun for daily_churn_scoring to 2026-03-19 00:00:00+00:00, run_after=2026-03-20 00:00:00+00:00
[2026-03-19T22:44:22.995+0800] {processor.py:183} INFO - Processing /Users/lershuan/Downloads/bt4301-group-9/source/dataops/airflow/dags/churn_scoring_dag.py took 0.122 seconds
[2026-03-19T22:44:54.910+0800] {processor.py:161} INFO - Started process (PID=75518) to work on /Users/lershuan/Downloads/bt4301-group-9/source/dataops/airflow/dags/churn_scoring_dag.py
[2026-03-19T22:44:54.914+0800] {processor.py:830} INFO - Processing file /Users/lershuan/Downloads/bt4301-group-9/source/dataops/airflow/dags/churn_scoring_dag.py for tasks to queue
[2026-03-19T22:44:54.914+0800] {logging_mixin.py:188} INFO - [2026-03-19T22:44:54.914+0800] {dagbag.py:545} INFO - Filling up the DagBag from /Users/lershuan/Downloads/bt4301-group-9/source/dataops/airflow/dags/churn_scoring_dag.py
[2026-03-19T22:44:54.942+0800] {processor.py:840} INFO - DAG(s) 'daily_churn_scoring' retrieved from /Users/lershuan/Downloads/bt4301-group-9/source/dataops/airflow/dags/churn_scoring_dag.py
[2026-03-19T22:44:55.078+0800] {logging_mixin.py:188} INFO - [2026-03-19T22:44:55.078+0800] {dag.py:3089} INFO - Sync 1 DAGs
[2026-03-19T22:44:55.084+0800] {logging_mixin.py:188} INFO - [2026-03-19T22:44:55.083+0800] {dag.py:3111} INFO - Creating ORM DAG for daily_churn_scoring
[2026-03-19T22:44:55.087+0800] {logging_mixin.py:188} INFO - [2026-03-19T22:44:55.087+0800] {dag.py:3947} INFO - Setting next_dagrun for daily_churn_scoring to 2026-03-18 00:00:00+00:00, run_after=2026-03-19 00:00:00+00:00
[2026-03-19T22:44:55.117+0800] {processor.py:183} INFO - Processing /Users/lershuan/Downloads/bt4301-group-9/source/dataops/airflow/dags/churn_scoring_dag.py took 0.208 seconds
[2026-03-19T22:45:27.311+0800] {processor.py:161} INFO - Started process (PID=75983) to work on /Users/lershuan/Downloads/bt4301-group-9/source/dataops/airflow/dags/churn_scoring_dag.py
[2026-03-19T22:45:27.311+0800] {processor.py:830} INFO - Processing file /Users/lershuan/Downloads/bt4301-group-9/source/dataops/airflow/dags/churn_scoring_dag.py for tasks to queue
[2026-03-19T22:45:27.312+0800] {logging_mixin.py:188} INFO - [2026-03-19T22:45:27.312+0800] {dagbag.py:545} INFO - Filling up the DagBag from /Users/lershuan/Downloads/bt4301-group-9/source/dataops/airflow/dags/churn_scoring_dag.py
[2026-03-19T22:45:27.325+0800] {processor.py:840} INFO - DAG(s) 'daily_churn_scoring' retrieved from /Users/lershuan/Downloads/bt4301-group-9/source/dataops/airflow/dags/churn_scoring_dag.py
[2026-03-19T22:45:27.363+0800] {logging_mixin.py:188} INFO - [2026-03-19T22:45:27.363+0800] {dag.py:3089} INFO - Sync 1 DAGs
[2026-03-19T22:45:27.369+0800] {logging_mixin.py:188} INFO - [2026-03-19T22:45:27.369+0800] {dag.py:3947} INFO - Setting next_dagrun for daily_churn_scoring to 2026-03-19 00:00:00+00:00, run_after=2026-03-20 00:00:00+00:00
[2026-03-19T22:45:27.375+0800] {processor.py:183} INFO - Processing /Users/lershuan/Downloads/bt4301-group-9/source/dataops/airflow/dags/churn_scoring_dag.py took 0.066 seconds
[2026-03-19T22:45:58.804+0800] {processor.py:161} INFO - Started process (PID=76318) to work on /Users/lershuan/Downloads/bt4301-group-9/source/dataops/airflow/dags/churn_scoring_dag.py
[2026-03-19T22:45:58.806+0800] {processor.py:830} INFO - Processing file /Users/lershuan/Downloads/bt4301-group-9/source/dataops/airflow/dags/churn_scoring_dag.py for tasks to queue
[2026-03-19T22:45:58.806+0800] {logging_mixin.py:188} INFO - [2026-03-19T22:45:58.806+0800] {dagbag.py:545} INFO - Filling up the DagBag from /Users/lershuan/Downloads/bt4301-group-9/source/dataops/airflow/dags/churn_scoring_dag.py
[2026-03-19T22:45:58.826+0800] {processor.py:840} INFO - DAG(s) 'daily_churn_scoring' retrieved from /Users/lershuan/Downloads/bt4301-group-9/source/dataops/airflow/dags/churn_scoring_dag.py
[2026-03-19T22:45:58.868+0800] {logging_mixin.py:188} INFO - [2026-03-19T22:45:58.868+0800] {dag.py:3089} INFO - Sync 1 DAGs
[2026-03-19T22:45:58.875+0800] {logging_mixin.py:188} INFO - [2026-03-19T22:45:58.875+0800] {dag.py:3947} INFO - Setting next_dagrun for daily_churn_scoring to 2026-03-19 00:00:00+00:00, run_after=2026-03-20 00:00:00+00:00
[2026-03-19T22:45:58.883+0800] {processor.py:183} INFO - Processing /Users/lershuan/Downloads/bt4301-group-9/source/dataops/airflow/dags/churn_scoring_dag.py took 0.079 seconds
[2026-03-19T22:46:30.216+0800] {processor.py:161} INFO - Started process (PID=76676) to work on /Users/lershuan/Downloads/bt4301-group-9/source/dataops/airflow/dags/churn_scoring_dag.py
[2026-03-19T22:46:30.217+0800] {processor.py:830} INFO - Processing file /Users/lershuan/Downloads/bt4301-group-9/source/dataops/airflow/dags/churn_scoring_dag.py for tasks to queue
[2026-03-19T22:46:30.217+0800] {logging_mixin.py:188} INFO - [2026-03-19T22:46:30.217+0800] {dagbag.py:545} INFO - Filling up the DagBag from /Users/lershuan/Downloads/bt4301-group-9/source/dataops/airflow/dags/churn_scoring_dag.py
[2026-03-19T22:46:30.234+0800] {processor.py:840} INFO - DAG(s) 'daily_churn_scoring' retrieved from /Users/lershuan/Downloads/bt4301-group-9/source/dataops/airflow/dags/churn_scoring_dag.py
[2026-03-19T22:46:30.276+0800] {logging_mixin.py:188} INFO - [2026-03-19T22:46:30.276+0800] {dag.py:3089} INFO - Sync 1 DAGs
[2026-03-19T22:46:30.286+0800] {logging_mixin.py:188} INFO - [2026-03-19T22:46:30.286+0800] {dag.py:3947} INFO - Setting next_dagrun for daily_churn_scoring to 2026-03-19 00:00:00+00:00, run_after=2026-03-20 00:00:00+00:00
[2026-03-19T22:46:30.295+0800] {processor.py:183} INFO - Processing /Users/lershuan/Downloads/bt4301-group-9/source/dataops/airflow/dags/churn_scoring_dag.py took 0.081 seconds
[2026-03-19T22:47:03.026+0800] {processor.py:161} INFO - Started process (PID=77076) to work on /Users/lershuan/Downloads/bt4301-group-9/source/dataops/airflow/dags/churn_scoring_dag.py
[2026-03-19T22:47:03.028+0800] {processor.py:830} INFO - Processing file /Users/lershuan/Downloads/bt4301-group-9/source/dataops/airflow/dags/churn_scoring_dag.py for tasks to queue
[2026-03-19T22:47:03.028+0800] {logging_mixin.py:188} INFO - [2026-03-19T22:47:03.028+0800] {dagbag.py:545} INFO - Filling up the DagBag from /Users/lershuan/Downloads/bt4301-group-9/source/dataops/airflow/dags/churn_scoring_dag.py
[2026-03-19T22:47:03.057+0800] {processor.py:840} INFO - DAG(s) 'daily_churn_scoring' retrieved from /Users/lershuan/Downloads/bt4301-group-9/source/dataops/airflow/dags/churn_scoring_dag.py
[2026-03-19T22:47:03.109+0800] {logging_mixin.py:188} INFO - [2026-03-19T22:47:03.109+0800] {dag.py:3089} INFO - Sync 1 DAGs
[2026-03-19T22:47:03.119+0800] {logging_mixin.py:188} INFO - [2026-03-19T22:47:03.119+0800] {dag.py:3947} INFO - Setting next_dagrun for daily_churn_scoring to 2026-03-19 00:00:00+00:00, run_after=2026-03-20 00:00:00+00:00
[2026-03-19T22:47:03.136+0800] {processor.py:183} INFO - Processing /Users/lershuan/Downloads/bt4301-group-9/source/dataops/airflow/dags/churn_scoring_dag.py took 0.112 seconds
[2026-03-19T22:47:35.530+0800] {processor.py:161} INFO - Started process (PID=77442) to work on /Users/lershuan/Downloads/bt4301-group-9/source/dataops/airflow/dags/churn_scoring_dag.py
[2026-03-19T22:47:35.532+0800] {processor.py:830} INFO - Processing file /Users/lershuan/Downloads/bt4301-group-9/source/dataops/airflow/dags/churn_scoring_dag.py for tasks to queue
[2026-03-19T22:47:35.532+0800] {logging_mixin.py:188} INFO - [2026-03-19T22:47:35.532+0800] {dagbag.py:545} INFO - Filling up the DagBag from /Users/lershuan/Downloads/bt4301-group-9/source/dataops/airflow/dags/churn_scoring_dag.py
[2026-03-19T22:47:35.549+0800] {processor.py:840} INFO - DAG(s) 'daily_churn_scoring' retrieved from /Users/lershuan/Downloads/bt4301-group-9/source/dataops/airflow/dags/churn_scoring_dag.py
[2026-03-19T22:47:35.588+0800] {logging_mixin.py:188} INFO - [2026-03-19T22:47:35.588+0800] {dag.py:3089} INFO - Sync 1 DAGs
[2026-03-19T22:47:35.595+0800] {logging_mixin.py:188} INFO - [2026-03-19T22:47:35.595+0800] {dag.py:3947} INFO - Setting next_dagrun for daily_churn_scoring to 2026-03-19 00:00:00+00:00, run_after=2026-03-20 00:00:00+00:00
[2026-03-19T22:47:35.604+0800] {processor.py:183} INFO - Processing /Users/lershuan/Downloads/bt4301-group-9/source/dataops/airflow/dags/churn_scoring_dag.py took 0.075 seconds
[2026-03-19T22:48:07.645+0800] {processor.py:161} INFO - Started process (PID=77799) to work on /Users/lershuan/Downloads/bt4301-group-9/source/dataops/airflow/dags/churn_scoring_dag.py
[2026-03-19T22:48:07.647+0800] {processor.py:830} INFO - Processing file /Users/lershuan/Downloads/bt4301-group-9/source/dataops/airflow/dags/churn_scoring_dag.py for tasks to queue
[2026-03-19T22:48:07.647+0800] {logging_mixin.py:188} INFO - [2026-03-19T22:48:07.647+0800] {dagbag.py:545} INFO - Filling up the DagBag from /Users/lershuan/Downloads/bt4301-group-9/source/dataops/airflow/dags/churn_scoring_dag.py
[2026-03-19T22:48:07.666+0800] {processor.py:840} INFO - DAG(s) 'daily_churn_scoring' retrieved from /Users/lershuan/Downloads/bt4301-group-9/source/dataops/airflow/dags/churn_scoring_dag.py
[2026-03-19T22:48:07.707+0800] {logging_mixin.py:188} INFO - [2026-03-19T22:48:07.707+0800] {dag.py:3089} INFO - Sync 1 DAGs
[2026-03-19T22:48:07.717+0800] {logging_mixin.py:188} INFO - [2026-03-19T22:48:07.717+0800] {dag.py:3947} INFO - Setting next_dagrun for daily_churn_scoring to 2026-03-19 00:00:00+00:00, run_after=2026-03-20 00:00:00+00:00
[2026-03-19T22:48:07.727+0800] {processor.py:183} INFO - Processing /Users/lershuan/Downloads/bt4301-group-9/source/dataops/airflow/dags/churn_scoring_dag.py took 0.083 seconds
[2026-03-19T22:48:39.269+0800] {processor.py:161} INFO - Started process (PID=78158) to work on /Users/lershuan/Downloads/bt4301-group-9/source/dataops/airflow/dags/churn_scoring_dag.py
[2026-03-19T22:48:39.271+0800] {processor.py:830} INFO - Processing file /Users/lershuan/Downloads/bt4301-group-9/source/dataops/airflow/dags/churn_scoring_dag.py for tasks to queue
[2026-03-19T22:48:39.271+0800] {logging_mixin.py:188} INFO - [2026-03-19T22:48:39.271+0800] {dagbag.py:545} INFO - Filling up the DagBag from /Users/lershuan/Downloads/bt4301-group-9/source/dataops/airflow/dags/churn_scoring_dag.py
[2026-03-19T22:48:39.289+0800] {processor.py:840} INFO - DAG(s) 'daily_churn_scoring' retrieved from /Users/lershuan/Downloads/bt4301-group-9/source/dataops/airflow/dags/churn_scoring_dag.py
[2026-03-19T22:48:39.334+0800] {logging_mixin.py:188} INFO - [2026-03-19T22:48:39.334+0800] {dag.py:3089} INFO - Sync 1 DAGs
[2026-03-19T22:48:39.342+0800] {logging_mixin.py:188} INFO - [2026-03-19T22:48:39.342+0800] {dag.py:3947} INFO - Setting next_dagrun for daily_churn_scoring to 2026-03-19 00:00:00+00:00, run_after=2026-03-20 00:00:00+00:00
[2026-03-19T22:48:39.352+0800] {processor.py:183} INFO - Processing /Users/lershuan/Downloads/bt4301-group-9/source/dataops/airflow/dags/churn_scoring_dag.py took 0.084 seconds
[2026-03-19T22:49:10.940+0800] {processor.py:161} INFO - Started process (PID=78517) to work on /Users/lershuan/Downloads/bt4301-group-9/source/dataops/airflow/dags/churn_scoring_dag.py
[2026-03-19T22:49:10.942+0800] {processor.py:830} INFO - Processing file /Users/lershuan/Downloads/bt4301-group-9/source/dataops/airflow/dags/churn_scoring_dag.py for tasks to queue
[2026-03-19T22:49:10.942+0800] {logging_mixin.py:188} INFO - [2026-03-19T22:49:10.942+0800] {dagbag.py:545} INFO - Filling up the DagBag from /Users/lershuan/Downloads/bt4301-group-9/source/dataops/airflow/dags/churn_scoring_dag.py
[2026-03-19T22:49:10.960+0800] {processor.py:840} INFO - DAG(s) 'daily_churn_scoring' retrieved from /Users/lershuan/Downloads/bt4301-group-9/source/dataops/airflow/dags/churn_scoring_dag.py
[2026-03-19T22:49:10.999+0800] {logging_mixin.py:188} INFO - [2026-03-19T22:49:10.999+0800] {dag.py:3089} INFO - Sync 1 DAGs
[2026-03-19T22:49:11.007+0800] {logging_mixin.py:188} INFO - [2026-03-19T22:49:11.007+0800] {dag.py:3947} INFO - Setting next_dagrun for daily_churn_scoring to 2026-03-19 00:00:00+00:00, run_after=2026-03-20 00:00:00+00:00
[2026-03-19T22:49:11.016+0800] {processor.py:183} INFO - Processing /Users/lershuan/Downloads/bt4301-group-9/source/dataops/airflow/dags/churn_scoring_dag.py took 0.077 seconds
[2026-03-19T22:49:42.689+0800] {processor.py:161} INFO - Started process (PID=78877) to work on /Users/lershuan/Downloads/bt4301-group-9/source/dataops/airflow/dags/churn_scoring_dag.py
[2026-03-19T22:49:42.690+0800] {processor.py:830} INFO - Processing file /Users/lershuan/Downloads/bt4301-group-9/source/dataops/airflow/dags/churn_scoring_dag.py for tasks to queue
[2026-03-19T22:49:42.691+0800] {logging_mixin.py:188} INFO - [2026-03-19T22:49:42.691+0800] {dagbag.py:545} INFO - Filling up the DagBag from /Users/lershuan/Downloads/bt4301-group-9/source/dataops/airflow/dags/churn_scoring_dag.py
[2026-03-19T22:49:42.707+0800] {processor.py:840} INFO - DAG(s) 'daily_churn_scoring' retrieved from /Users/lershuan/Downloads/bt4301-group-9/source/dataops/airflow/dags/churn_scoring_dag.py
[2026-03-19T22:49:42.746+0800] {logging_mixin.py:188} INFO - [2026-03-19T22:49:42.746+0800] {dag.py:3089} INFO - Sync 1 DAGs
[2026-03-19T22:49:42.753+0800] {logging_mixin.py:188} INFO - [2026-03-19T22:49:42.753+0800] {dag.py:3947} INFO - Setting next_dagrun for daily_churn_scoring to 2026-03-19 00:00:00+00:00, run_after=2026-03-20 00:00:00+00:00
[2026-03-19T22:49:42.762+0800] {processor.py:183} INFO - Processing /Users/lershuan/Downloads/bt4301-group-9/source/dataops/airflow/dags/churn_scoring_dag.py took 0.075 seconds
[2026-03-19T22:50:14.496+0800] {processor.py:161} INFO - Started process (PID=79243) to work on /Users/lershuan/Downloads/bt4301-group-9/source/dataops/airflow/dags/churn_scoring_dag.py
[2026-03-19T22:50:14.498+0800] {processor.py:830} INFO - Processing file /Users/lershuan/Downloads/bt4301-group-9/source/dataops/airflow/dags/churn_scoring_dag.py for tasks to queue
[2026-03-19T22:50:14.499+0800] {logging_mixin.py:188} INFO - [2026-03-19T22:50:14.499+0800] {dagbag.py:545} INFO - Filling up the DagBag from /Users/lershuan/Downloads/bt4301-group-9/source/dataops/airflow/dags/churn_scoring_dag.py
[2026-03-19T22:50:14.526+0800] {processor.py:840} INFO - DAG(s) 'daily_churn_scoring' retrieved from /Users/lershuan/Downloads/bt4301-group-9/source/dataops/airflow/dags/churn_scoring_dag.py
[2026-03-19T22:50:14.570+0800] {logging_mixin.py:188} INFO - [2026-03-19T22:50:14.570+0800] {dag.py:3089} INFO - Sync 1 DAGs
[2026-03-19T22:50:14.579+0800] {logging_mixin.py:188} INFO - [2026-03-19T22:50:14.578+0800] {dag.py:3947} INFO - Setting next_dagrun for daily_churn_scoring to 2026-03-19 00:00:00+00:00, run_after=2026-03-20 00:00:00+00:00
[2026-03-19T22:50:14.588+0800] {processor.py:183} INFO - Processing /Users/lershuan/Downloads/bt4301-group-9/source/dataops/airflow/dags/churn_scoring_dag.py took 0.094 seconds
[2026-03-19T22:50:46.305+0800] {processor.py:161} INFO - Started process (PID=79645) to work on /Users/lershuan/Downloads/bt4301-group-9/source/dataops/airflow/dags/churn_scoring_dag.py
[2026-03-19T22:50:46.306+0800] {processor.py:830} INFO - Processing file /Users/lershuan/Downloads/bt4301-group-9/source/dataops/airflow/dags/churn_scoring_dag.py for tasks to queue
[2026-03-19T22:50:46.307+0800] {logging_mixin.py:188} INFO - [2026-03-19T22:50:46.306+0800] {dagbag.py:545} INFO - Filling up the DagBag from /Users/lershuan/Downloads/bt4301-group-9/source/dataops/airflow/dags/churn_scoring_dag.py
[2026-03-19T22:50:46.325+0800] {processor.py:840} INFO - DAG(s) 'daily_churn_scoring' retrieved from /Users/lershuan/Downloads/bt4301-group-9/source/dataops/airflow/dags/churn_scoring_dag.py
[2026-03-19T22:50:46.365+0800] {logging_mixin.py:188} INFO - [2026-03-19T22:50:46.365+0800] {dag.py:3089} INFO - Sync 1 DAGs
[2026-03-19T22:50:46.373+0800] {logging_mixin.py:188} INFO - [2026-03-19T22:50:46.373+0800] {dag.py:3947} INFO - Setting next_dagrun for daily_churn_scoring to 2026-03-19 00:00:00+00:00, run_after=2026-03-20 00:00:00+00:00
[2026-03-19T22:50:46.383+0800] {processor.py:183} INFO - Processing /Users/lershuan/Downloads/bt4301-group-9/source/dataops/airflow/dags/churn_scoring_dag.py took 0.079 seconds
[2026-03-19T22:51:18.373+0800] {processor.py:161} INFO - Started process (PID=80010) to work on /Users/lershuan/Downloads/bt4301-group-9/source/dataops/airflow/dags/churn_scoring_dag.py
[2026-03-19T22:51:18.375+0800] {processor.py:830} INFO - Processing file /Users/lershuan/Downloads/bt4301-group-9/source/dataops/airflow/dags/churn_scoring_dag.py for tasks to queue
[2026-03-19T22:51:18.375+0800] {logging_mixin.py:188} INFO - [2026-03-19T22:51:18.375+0800] {dagbag.py:545} INFO - Filling up the DagBag from /Users/lershuan/Downloads/bt4301-group-9/source/dataops/airflow/dags/churn_scoring_dag.py
[2026-03-19T22:51:18.393+0800] {processor.py:840} INFO - DAG(s) 'daily_churn_scoring' retrieved from /Users/lershuan/Downloads/bt4301-group-9/source/dataops/airflow/dags/churn_scoring_dag.py
[2026-03-19T22:51:18.433+0800] {logging_mixin.py:188} INFO - [2026-03-19T22:51:18.433+0800] {dag.py:3089} INFO - Sync 1 DAGs
[2026-03-19T22:51:18.441+0800] {logging_mixin.py:188} INFO - [2026-03-19T22:51:18.441+0800] {dag.py:3947} INFO - Setting next_dagrun for daily_churn_scoring to 2026-03-19 00:00:00+00:00, run_after=2026-03-20 00:00:00+00:00
[2026-03-19T22:51:18.452+0800] {processor.py:183} INFO - Processing /Users/lershuan/Downloads/bt4301-group-9/source/dataops/airflow/dags/churn_scoring_dag.py took 0.079 seconds
[2026-03-19T22:51:49.816+0800] {processor.py:161} INFO - Started process (PID=80367) to work on /Users/lershuan/Downloads/bt4301-group-9/source/dataops/airflow/dags/churn_scoring_dag.py
[2026-03-19T22:51:49.817+0800] {processor.py:830} INFO - Processing file /Users/lershuan/Downloads/bt4301-group-9/source/dataops/airflow/dags/churn_scoring_dag.py for tasks to queue
[2026-03-19T22:51:49.818+0800] {logging_mixin.py:188} INFO - [2026-03-19T22:51:49.818+0800] {dagbag.py:545} INFO - Filling up the DagBag from /Users/lershuan/Downloads/bt4301-group-9/source/dataops/airflow/dags/churn_scoring_dag.py
[2026-03-19T22:51:49.836+0800] {processor.py:840} INFO - DAG(s) 'daily_churn_scoring' retrieved from /Users/lershuan/Downloads/bt4301-group-9/source/dataops/airflow/dags/churn_scoring_dag.py
[2026-03-19T22:51:49.878+0800] {logging_mixin.py:188} INFO - [2026-03-19T22:51:49.878+0800] {dag.py:3089} INFO - Sync 1 DAGs
[2026-03-19T22:51:49.887+0800] {logging_mixin.py:188} INFO - [2026-03-19T22:51:49.886+0800] {dag.py:3947} INFO - Setting next_dagrun for daily_churn_scoring to 2026-03-19 00:00:00+00:00, run_after=2026-03-20 00:00:00+00:00
[2026-03-19T22:51:49.897+0800] {processor.py:183} INFO - Processing /Users/lershuan/Downloads/bt4301-group-9/source/dataops/airflow/dags/churn_scoring_dag.py took 0.083 seconds
[2026-03-19T22:52:21.891+0800] {processor.py:161} INFO - Started process (PID=80849) to work on /Users/lershuan/Downloads/bt4301-group-9/source/dataops/airflow/dags/churn_scoring_dag.py
[2026-03-19T22:52:21.893+0800] {processor.py:830} INFO - Processing file /Users/lershuan/Downloads/bt4301-group-9/source/dataops/airflow/dags/churn_scoring_dag.py for tasks to queue
[2026-03-19T22:52:21.893+0800] {logging_mixin.py:188} INFO - [2026-03-19T22:52:21.893+0800] {dagbag.py:545} INFO - Filling up the DagBag from /Users/lershuan/Downloads/bt4301-group-9/source/dataops/airflow/dags/churn_scoring_dag.py
[2026-03-19T22:52:21.914+0800] {processor.py:840} INFO - DAG(s) 'daily_churn_scoring' retrieved from /Users/lershuan/Downloads/bt4301-group-9/source/dataops/airflow/dags/churn_scoring_dag.py
[2026-03-19T22:52:21.967+0800] {logging_mixin.py:188} INFO - [2026-03-19T22:52:21.967+0800] {dag.py:3089} INFO - Sync 1 DAGs
[2026-03-19T22:52:21.977+0800] {logging_mixin.py:188} INFO - [2026-03-19T22:52:21.977+0800] {dag.py:3947} INFO - Setting next_dagrun for daily_churn_scoring to 2026-03-19 00:00:00+00:00, run_after=2026-03-20 00:00:00+00:00
[2026-03-19T22:52:21.990+0800] {processor.py:183} INFO - Processing /Users/lershuan/Downloads/bt4301-group-9/source/dataops/airflow/dags/churn_scoring_dag.py took 0.100 seconds
[2026-03-19T22:52:57.566+0800] {processor.py:161} INFO - Started process (PID=81216) to work on /Users/lershuan/Downloads/bt4301-group-9/source/dataops/airflow/dags/churn_scoring_dag.py
[2026-03-19T22:52:57.590+0800] {processor.py:830} INFO - Processing file /Users/lershuan/Downloads/bt4301-group-9/source/dataops/airflow/dags/churn_scoring_dag.py for tasks to queue
[2026-03-19T22:52:57.591+0800] {logging_mixin.py:188} INFO - [2026-03-19T22:52:57.590+0800] {dagbag.py:545} INFO - Filling up the DagBag from /Users/lershuan/Downloads/bt4301-group-9/source/dataops/airflow/dags/churn_scoring_dag.py
[2026-03-19T22:52:57.638+0800] {processor.py:840} INFO - DAG(s) 'daily_churn_scoring' retrieved from /Users/lershuan/Downloads/bt4301-group-9/source/dataops/airflow/dags/churn_scoring_dag.py
[2026-03-19T22:52:57.739+0800] {logging_mixin.py:188} INFO - [2026-03-19T22:52:57.738+0800] {dag.py:3089} INFO - Sync 1 DAGs
[2026-03-19T22:52:57.747+0800] {logging_mixin.py:188} INFO - [2026-03-19T22:52:57.747+0800] {dag.py:3947} INFO - Setting next_dagrun for daily_churn_scoring to 2026-03-19 00:00:00+00:00, run_after=2026-03-20 00:00:00+00:00
[2026-03-19T22:52:57.772+0800] {processor.py:183} INFO - Processing /Users/lershuan/Downloads/bt4301-group-9/source/dataops/airflow/dags/churn_scoring_dag.py took 0.209 seconds
[2026-03-19T22:53:29.444+0800] {processor.py:161} INFO - Started process (PID=81602) to work on /Users/lershuan/Downloads/bt4301-group-9/source/dataops/airflow/dags/churn_scoring_dag.py
[2026-03-19T22:53:29.446+0800] {processor.py:830} INFO - Processing file /Users/lershuan/Downloads/bt4301-group-9/source/dataops/airflow/dags/churn_scoring_dag.py for tasks to queue
[2026-03-19T22:53:29.446+0800] {logging_mixin.py:188} INFO - [2026-03-19T22:53:29.446+0800] {dagbag.py:545} INFO - Filling up the DagBag from /Users/lershuan/Downloads/bt4301-group-9/source/dataops/airflow/dags/churn_scoring_dag.py
[2026-03-19T22:53:29.464+0800] {processor.py:840} INFO - DAG(s) 'daily_churn_scoring' retrieved from /Users/lershuan/Downloads/bt4301-group-9/source/dataops/airflow/dags/churn_scoring_dag.py
[2026-03-19T22:53:29.506+0800] {logging_mixin.py:188} INFO - [2026-03-19T22:53:29.506+0800] {dag.py:3089} INFO - Sync 1 DAGs
[2026-03-19T22:53:29.515+0800] {logging_mixin.py:188} INFO - [2026-03-19T22:53:29.515+0800] {dag.py:3947} INFO - Setting next_dagrun for daily_churn_scoring to 2026-03-19 00:00:00+00:00, run_after=2026-03-20 00:00:00+00:00
[2026-03-19T22:53:29.526+0800] {processor.py:183} INFO - Processing /Users/lershuan/Downloads/bt4301-group-9/source/dataops/airflow/dags/churn_scoring_dag.py took 0.084 seconds
[2026-03-19T22:54:01.252+0800] {processor.py:161} INFO - Started process (PID=81983) to work on /Users/lershuan/Downloads/bt4301-group-9/source/dataops/airflow/dags/churn_scoring_dag.py
[2026-03-19T22:54:01.254+0800] {processor.py:830} INFO - Processing file /Users/lershuan/Downloads/bt4301-group-9/source/dataops/airflow/dags/churn_scoring_dag.py for tasks to queue
[2026-03-19T22:54:01.254+0800] {logging_mixin.py:188} INFO - [2026-03-19T22:54:01.254+0800] {dagbag.py:545} INFO - Filling up the DagBag from /Users/lershuan/Downloads/bt4301-group-9/source/dataops/airflow/dags/churn_scoring_dag.py
[2026-03-19T22:54:01.272+0800] {processor.py:840} INFO - DAG(s) 'daily_churn_scoring' retrieved from /Users/lershuan/Downloads/bt4301-group-9/source/dataops/airflow/dags/churn_scoring_dag.py
[2026-03-19T22:54:01.317+0800] {logging_mixin.py:188} INFO - [2026-03-19T22:54:01.316+0800] {dag.py:3089} INFO - Sync 1 DAGs
[2026-03-19T22:54:01.326+0800] {logging_mixin.py:188} INFO - [2026-03-19T22:54:01.326+0800] {dag.py:3947} INFO - Setting next_dagrun for daily_churn_scoring to 2026-03-19 00:00:00+00:00, run_after=2026-03-20 00:00:00+00:00
[2026-03-19T22:54:01.336+0800] {processor.py:183} INFO - Processing /Users/lershuan/Downloads/bt4301-group-9/source/dataops/airflow/dags/churn_scoring_dag.py took 0.086 seconds
[2026-03-19T22:54:33.450+0800] {processor.py:161} INFO - Started process (PID=83164) to work on /Users/lershuan/Downloads/bt4301-group-9/source/dataops/airflow/dags/churn_scoring_dag.py
[2026-03-19T22:54:33.453+0800] {processor.py:830} INFO - Processing file /Users/lershuan/Downloads/bt4301-group-9/source/dataops/airflow/dags/churn_scoring_dag.py for tasks to queue
[2026-03-19T22:54:33.453+0800] {logging_mixin.py:188} INFO - [2026-03-19T22:54:33.453+0800] {dagbag.py:545} INFO - Filling up the DagBag from /Users/lershuan/Downloads/bt4301-group-9/source/dataops/airflow/dags/churn_scoring_dag.py
[2026-03-19T22:54:33.474+0800] {processor.py:840} INFO - DAG(s) 'daily_churn_scoring' retrieved from /Users/lershuan/Downloads/bt4301-group-9/source/dataops/airflow/dags/churn_scoring_dag.py
[2026-03-19T22:54:33.587+0800] {logging_mixin.py:188} INFO - [2026-03-19T22:54:33.586+0800] {dag.py:3089} INFO - Sync 1 DAGs
[2026-03-19T22:54:33.590+0800] {logging_mixin.py:188} INFO - [2026-03-19T22:54:33.590+0800] {dag.py:3111} INFO - Creating ORM DAG for daily_churn_scoring
[2026-03-19T22:54:33.593+0800] {logging_mixin.py:188} INFO - [2026-03-19T22:54:33.593+0800] {dag.py:3947} INFO - Setting next_dagrun for daily_churn_scoring to 2026-03-18 00:00:00+00:00, run_after=2026-03-19 00:00:00+00:00
[2026-03-19T22:54:33.610+0800] {processor.py:183} INFO - Processing /Users/lershuan/Downloads/bt4301-group-9/source/dataops/airflow/dags/churn_scoring_dag.py took 0.161 seconds
[2026-03-19T22:55:05.916+0800] {processor.py:161} INFO - Started process (PID=83988) to work on /Users/lershuan/Downloads/bt4301-group-9/source/dataops/airflow/dags/churn_scoring_dag.py
[2026-03-19T22:55:05.918+0800] {processor.py:830} INFO - Processing file /Users/lershuan/Downloads/bt4301-group-9/source/dataops/airflow/dags/churn_scoring_dag.py for tasks to queue
[2026-03-19T22:55:05.919+0800] {logging_mixin.py:188} INFO - [2026-03-19T22:55:05.918+0800] {dagbag.py:545} INFO - Filling up the DagBag from /Users/lershuan/Downloads/bt4301-group-9/source/dataops/airflow/dags/churn_scoring_dag.py
[2026-03-19T22:55:05.950+0800] {processor.py:840} INFO - DAG(s) 'daily_churn_scoring' retrieved from /Users/lershuan/Downloads/bt4301-group-9/source/dataops/airflow/dags/churn_scoring_dag.py
[2026-03-19T22:55:06.000+0800] {logging_mixin.py:188} INFO - [2026-03-19T22:55:06.000+0800] {dag.py:3089} INFO - Sync 1 DAGs
[2026-03-19T22:55:06.009+0800] {logging_mixin.py:188} INFO - [2026-03-19T22:55:06.009+0800] {dag.py:3947} INFO - Setting next_dagrun for daily_churn_scoring to 2026-03-18 00:00:00+00:00, run_after=2026-03-19 00:00:00+00:00
[2026-03-19T22:55:06.023+0800] {processor.py:183} INFO - Processing /Users/lershuan/Downloads/bt4301-group-9/source/dataops/airflow/dags/churn_scoring_dag.py took 0.108 seconds
[2026-03-19T22:55:37.991+0800] {processor.py:161} INFO - Started process (PID=84391) to work on /Users/lershuan/Downloads/bt4301-group-9/source/dataops/airflow/dags/churn_scoring_dag.py
[2026-03-19T22:55:37.994+0800] {processor.py:830} INFO - Processing file /Users/lershuan/Downloads/bt4301-group-9/source/dataops/airflow/dags/churn_scoring_dag.py for tasks to queue
[2026-03-19T22:55:37.995+0800] {logging_mixin.py:188} INFO - [2026-03-19T22:55:37.995+0800] {dagbag.py:545} INFO - Filling up the DagBag from /Users/lershuan/Downloads/bt4301-group-9/source/dataops/airflow/dags/churn_scoring_dag.py
[2026-03-19T22:55:38.028+0800] {processor.py:840} INFO - DAG(s) 'daily_churn_scoring' retrieved from /Users/lershuan/Downloads/bt4301-group-9/source/dataops/airflow/dags/churn_scoring_dag.py
[2026-03-19T22:55:38.090+0800] {logging_mixin.py:188} INFO - [2026-03-19T22:55:38.090+0800] {dag.py:3089} INFO - Sync 1 DAGs
[2026-03-19T22:55:38.101+0800] {logging_mixin.py:188} INFO - [2026-03-19T22:55:38.101+0800] {dag.py:3947} INFO - Setting next_dagrun for daily_churn_scoring to 2026-03-18 00:00:00+00:00, run_after=2026-03-19 00:00:00+00:00
[2026-03-19T22:55:38.113+0800] {processor.py:183} INFO - Processing /Users/lershuan/Downloads/bt4301-group-9/source/dataops/airflow/dags/churn_scoring_dag.py took 0.123 seconds
[2026-03-19T22:56:09.959+0800] {processor.py:161} INFO - Started process (PID=85097) to work on /Users/lershuan/Downloads/bt4301-group-9/source/dataops/airflow/dags/churn_scoring_dag.py
[2026-03-19T22:56:09.963+0800] {processor.py:830} INFO - Processing file /Users/lershuan/Downloads/bt4301-group-9/source/dataops/airflow/dags/churn_scoring_dag.py for tasks to queue
[2026-03-19T22:56:09.963+0800] {logging_mixin.py:188} INFO - [2026-03-19T22:56:09.963+0800] {dagbag.py:545} INFO - Filling up the DagBag from /Users/lershuan/Downloads/bt4301-group-9/source/dataops/airflow/dags/churn_scoring_dag.py
[2026-03-19T22:56:09.985+0800] {processor.py:840} INFO - DAG(s) 'daily_churn_scoring' retrieved from /Users/lershuan/Downloads/bt4301-group-9/source/dataops/airflow/dags/churn_scoring_dag.py
[2026-03-19T22:56:10.038+0800] {logging_mixin.py:188} INFO - [2026-03-19T22:56:10.037+0800] {dag.py:3089} INFO - Sync 1 DAGs
[2026-03-19T22:56:10.050+0800] {logging_mixin.py:188} INFO - [2026-03-19T22:56:10.049+0800] {dag.py:3947} INFO - Setting next_dagrun for daily_churn_scoring to 2026-03-18 00:00:00+00:00, run_after=2026-03-19 00:00:00+00:00
[2026-03-19T22:56:10.081+0800] {processor.py:183} INFO - Processing /Users/lershuan/Downloads/bt4301-group-9/source/dataops/airflow/dags/churn_scoring_dag.py took 0.124 seconds
[2026-03-19T22:56:41.757+0800] {processor.py:161} INFO - Started process (PID=85569) to work on /Users/lershuan/Downloads/bt4301-group-9/source/dataops/airflow/dags/churn_scoring_dag.py
[2026-03-19T22:56:41.759+0800] {processor.py:830} INFO - Processing file /Users/lershuan/Downloads/bt4301-group-9/source/dataops/airflow/dags/churn_scoring_dag.py for tasks to queue
[2026-03-19T22:56:41.760+0800] {logging_mixin.py:188} INFO - [2026-03-19T22:56:41.760+0800] {dagbag.py:545} INFO - Filling up the DagBag from /Users/lershuan/Downloads/bt4301-group-9/source/dataops/airflow/dags/churn_scoring_dag.py
[2026-03-19T22:56:41.780+0800] {processor.py:840} INFO - DAG(s) 'daily_churn_scoring' retrieved from /Users/lershuan/Downloads/bt4301-group-9/source/dataops/airflow/dags/churn_scoring_dag.py
[2026-03-19T22:56:41.822+0800] {logging_mixin.py:188} INFO - [2026-03-19T22:56:41.822+0800] {dag.py:3089} INFO - Sync 1 DAGs
[2026-03-19T22:56:41.830+0800] {logging_mixin.py:188} INFO - [2026-03-19T22:56:41.830+0800] {dag.py:3947} INFO - Setting next_dagrun for daily_churn_scoring to 2026-03-18 00:00:00+00:00, run_after=2026-03-19 00:00:00+00:00
[2026-03-19T22:56:41.840+0800] {processor.py:183} INFO - Processing /Users/lershuan/Downloads/bt4301-group-9/source/dataops/airflow/dags/churn_scoring_dag.py took 0.085 seconds
[2026-03-19T22:57:13.548+0800] {processor.py:161} INFO - Started process (PID=86191) to work on /Users/lershuan/Downloads/bt4301-group-9/source/dataops/airflow/dags/churn_scoring_dag.py
[2026-03-19T22:57:13.550+0800] {processor.py:830} INFO - Processing file /Users/lershuan/Downloads/bt4301-group-9/source/dataops/airflow/dags/churn_scoring_dag.py for tasks to queue
[2026-03-19T22:57:13.550+0800] {logging_mixin.py:188} INFO - [2026-03-19T22:57:13.550+0800] {dagbag.py:545} INFO - Filling up the DagBag from /Users/lershuan/Downloads/bt4301-group-9/source/dataops/airflow/dags/churn_scoring_dag.py
[2026-03-19T22:57:13.576+0800] {processor.py:840} INFO - DAG(s) 'daily_churn_scoring' retrieved from /Users/lershuan/Downloads/bt4301-group-9/source/dataops/airflow/dags/churn_scoring_dag.py
[2026-03-19T22:57:13.620+0800] {logging_mixin.py:188} INFO - [2026-03-19T22:57:13.620+0800] {dag.py:3089} INFO - Sync 1 DAGs
[2026-03-19T22:57:13.629+0800] {logging_mixin.py:188} INFO - [2026-03-19T22:57:13.629+0800] {dag.py:3947} INFO - Setting next_dagrun for daily_churn_scoring to 2026-03-18 00:00:00+00:00, run_after=2026-03-19 00:00:00+00:00
[2026-03-19T22:57:13.641+0800] {processor.py:183} INFO - Processing /Users/lershuan/Downloads/bt4301-group-9/source/dataops/airflow/dags/churn_scoring_dag.py took 0.095 seconds
[2026-03-19T22:57:45.498+0800] {processor.py:161} INFO - Started process (PID=86740) to work on /Users/lershuan/Downloads/bt4301-group-9/source/dataops/airflow/dags/churn_scoring_dag.py
[2026-03-19T22:57:45.501+0800] {processor.py:830} INFO - Processing file /Users/lershuan/Downloads/bt4301-group-9/source/dataops/airflow/dags/churn_scoring_dag.py for tasks to queue
[2026-03-19T22:57:45.501+0800] {logging_mixin.py:188} INFO - [2026-03-19T22:57:45.501+0800] {dagbag.py:545} INFO - Filling up the DagBag from /Users/lershuan/Downloads/bt4301-group-9/source/dataops/airflow/dags/churn_scoring_dag.py
[2026-03-19T22:57:45.524+0800] {processor.py:840} INFO - DAG(s) 'daily_churn_scoring' retrieved from /Users/lershuan/Downloads/bt4301-group-9/source/dataops/airflow/dags/churn_scoring_dag.py
[2026-03-19T22:57:45.574+0800] {logging_mixin.py:188} INFO - [2026-03-19T22:57:45.574+0800] {dag.py:3089} INFO - Sync 1 DAGs
[2026-03-19T22:57:45.583+0800] {logging_mixin.py:188} INFO - [2026-03-19T22:57:45.583+0800] {dag.py:3947} INFO - Setting next_dagrun for daily_churn_scoring to 2026-03-18 00:00:00+00:00, run_after=2026-03-19 00:00:00+00:00
[2026-03-19T22:57:45.594+0800] {processor.py:183} INFO - Processing /Users/lershuan/Downloads/bt4301-group-9/source/dataops/airflow/dags/churn_scoring_dag.py took 0.098 seconds
[2026-03-19T23:33:55.234+0800] {processor.py:161} INFO - Started process (PID=18512) to work on /Users/lershuan/Downloads/bt4301-group-9/source/dataops/airflow/dags/churn_scoring_dag.py
[2026-03-19T23:33:55.236+0800] {processor.py:830} INFO - Processing file /Users/lershuan/Downloads/bt4301-group-9/source/dataops/airflow/dags/churn_scoring_dag.py for tasks to queue
[2026-03-19T23:33:55.237+0800] {logging_mixin.py:188} INFO - [2026-03-19T23:33:55.236+0800] {dagbag.py:545} INFO - Filling up the DagBag from /Users/lershuan/Downloads/bt4301-group-9/source/dataops/airflow/dags/churn_scoring_dag.py
[2026-03-19T23:33:55.253+0800] {processor.py:840} INFO - DAG(s) 'daily_churn_scoring' retrieved from /Users/lershuan/Downloads/bt4301-group-9/source/dataops/airflow/dags/churn_scoring_dag.py
[2026-03-19T23:33:55.294+0800] {logging_mixin.py:188} INFO - [2026-03-19T23:33:55.294+0800] {dag.py:3089} INFO - Sync 1 DAGs
[2026-03-19T23:33:55.303+0800] {logging_mixin.py:188} INFO - [2026-03-19T23:33:55.303+0800] {dag.py:3947} INFO - Setting next_dagrun for daily_churn_scoring to 2026-03-18 00:00:00+00:00, run_after=2026-03-19 00:00:00+00:00
[2026-03-19T23:33:55.312+0800] {processor.py:183} INFO - Processing /Users/lershuan/Downloads/bt4301-group-9/source/dataops/airflow/dags/churn_scoring_dag.py took 0.078 seconds
[2026-03-19T23:34:27.798+0800] {processor.py:161} INFO - Started process (PID=18930) to work on /Users/lershuan/Downloads/bt4301-group-9/source/dataops/airflow/dags/churn_scoring_dag.py
[2026-03-19T23:34:27.801+0800] {processor.py:830} INFO - Processing file /Users/lershuan/Downloads/bt4301-group-9/source/dataops/airflow/dags/churn_scoring_dag.py for tasks to queue
[2026-03-19T23:34:27.801+0800] {logging_mixin.py:188} INFO - [2026-03-19T23:34:27.801+0800] {dagbag.py:545} INFO - Filling up the DagBag from /Users/lershuan/Downloads/bt4301-group-9/source/dataops/airflow/dags/churn_scoring_dag.py
[2026-03-19T23:34:27.833+0800] {processor.py:840} INFO - DAG(s) 'daily_churn_scoring' retrieved from /Users/lershuan/Downloads/bt4301-group-9/source/dataops/airflow/dags/churn_scoring_dag.py
[2026-03-19T23:34:27.890+0800] {logging_mixin.py:188} INFO - [2026-03-19T23:34:27.890+0800] {dag.py:3089} INFO - Sync 1 DAGs
[2026-03-19T23:34:27.900+0800] {logging_mixin.py:188} INFO - [2026-03-19T23:34:27.900+0800] {dag.py:3947} INFO - Setting next_dagrun for daily_churn_scoring to 2026-03-18 00:00:00+00:00, run_after=2026-03-19 00:00:00+00:00
[2026-03-19T23:34:27.913+0800] {processor.py:183} INFO - Processing /Users/lershuan/Downloads/bt4301-group-9/source/dataops/airflow/dags/churn_scoring_dag.py took 0.117 seconds
[2026-03-19T23:49:35.011+0800] {processor.py:161} INFO - Started process (PID=33727) to work on /Users/lershuan/Downloads/bt4301-group-9/source/dataops/airflow/dags/churn_scoring_dag.py
[2026-03-19T23:49:35.012+0800] {processor.py:830} INFO - Processing file /Users/lershuan/Downloads/bt4301-group-9/source/dataops/airflow/dags/churn_scoring_dag.py for tasks to queue
[2026-03-19T23:49:35.012+0800] {logging_mixin.py:188} INFO - [2026-03-19T23:49:35.012+0800] {dagbag.py:545} INFO - Filling up the DagBag from /Users/lershuan/Downloads/bt4301-group-9/source/dataops/airflow/dags/churn_scoring_dag.py
[2026-03-19T23:49:35.027+0800] {processor.py:840} INFO - DAG(s) 'daily_churn_scoring' retrieved from /Users/lershuan/Downloads/bt4301-group-9/source/dataops/airflow/dags/churn_scoring_dag.py
[2026-03-19T23:49:35.065+0800] {logging_mixin.py:188} INFO - [2026-03-19T23:49:35.065+0800] {dag.py:3089} INFO - Sync 1 DAGs
[2026-03-19T23:49:35.074+0800] {logging_mixin.py:188} INFO - [2026-03-19T23:49:35.074+0800] {dag.py:3947} INFO - Setting next_dagrun for daily_churn_scoring to 2026-03-18 00:00:00+00:00, run_after=2026-03-19 00:00:00+00:00
[2026-03-19T23:49:35.082+0800] {processor.py:183} INFO - Processing /Users/lershuan/Downloads/bt4301-group-9/source/dataops/airflow/dags/churn_scoring_dag.py took 0.072 seconds
[2026-03-19T23:50:07.275+0800] {processor.py:161} INFO - Started process (PID=34128) to work on /Users/lershuan/Downloads/bt4301-group-9/source/dataops/airflow/dags/churn_scoring_dag.py
[2026-03-19T23:50:07.278+0800] {processor.py:830} INFO - Processing file /Users/lershuan/Downloads/bt4301-group-9/source/dataops/airflow/dags/churn_scoring_dag.py for tasks to queue
[2026-03-19T23:50:07.278+0800] {logging_mixin.py:188} INFO - [2026-03-19T23:50:07.278+0800] {dagbag.py:545} INFO - Filling up the DagBag from /Users/lershuan/Downloads/bt4301-group-9/source/dataops/airflow/dags/churn_scoring_dag.py
[2026-03-19T23:50:07.304+0800] {processor.py:840} INFO - DAG(s) 'daily_churn_scoring' retrieved from /Users/lershuan/Downloads/bt4301-group-9/source/dataops/airflow/dags/churn_scoring_dag.py
[2026-03-19T23:50:07.360+0800] {logging_mixin.py:188} INFO - [2026-03-19T23:50:07.360+0800] {dag.py:3089} INFO - Sync 1 DAGs
[2026-03-19T23:50:07.374+0800] {logging_mixin.py:188} INFO - [2026-03-19T23:50:07.374+0800] {dag.py:3947} INFO - Setting next_dagrun for daily_churn_scoring to 2026-03-18 00:00:00+00:00, run_after=2026-03-19 00:00:00+00:00
[2026-03-19T23:50:07.401+0800] {processor.py:183} INFO - Processing /Users/lershuan/Downloads/bt4301-group-9/source/dataops/airflow/dags/churn_scoring_dag.py took 0.127 seconds
[2026-03-19T23:55:40.806+0800] {processor.py:161} INFO - Started process (PID=38277) to work on /Users/lershuan/Downloads/bt4301-group-9/source/dataops/airflow/dags/churn_scoring_dag.py
[2026-03-19T23:55:40.807+0800] {processor.py:830} INFO - Processing file /Users/lershuan/Downloads/bt4301-group-9/source/dataops/airflow/dags/churn_scoring_dag.py for tasks to queue
[2026-03-19T23:55:40.807+0800] {logging_mixin.py:188} INFO - [2026-03-19T23:55:40.807+0800] {dagbag.py:545} INFO - Filling up the DagBag from /Users/lershuan/Downloads/bt4301-group-9/source/dataops/airflow/dags/churn_scoring_dag.py
[2026-03-19T23:55:40.820+0800] {processor.py:840} INFO - DAG(s) 'daily_churn_scoring' retrieved from /Users/lershuan/Downloads/bt4301-group-9/source/dataops/airflow/dags/churn_scoring_dag.py
[2026-03-19T23:55:40.864+0800] {logging_mixin.py:188} INFO - [2026-03-19T23:55:40.863+0800] {dag.py:3089} INFO - Sync 1 DAGs
[2026-03-19T23:55:40.872+0800] {logging_mixin.py:188} INFO - [2026-03-19T23:55:40.872+0800] {dag.py:3947} INFO - Setting next_dagrun for daily_churn_scoring to 2026-03-18 00:00:00+00:00, run_after=2026-03-19 00:00:00+00:00
[2026-03-19T23:55:40.880+0800] {processor.py:183} INFO - Processing /Users/lershuan/Downloads/bt4301-group-9/source/dataops/airflow/dags/churn_scoring_dag.py took 0.075 seconds
[2026-03-19T23:56:12.315+0800] {processor.py:161} INFO - Started process (PID=38651) to work on /Users/lershuan/Downloads/bt4301-group-9/source/dataops/airflow/dags/churn_scoring_dag.py
[2026-03-19T23:56:12.316+0800] {processor.py:830} INFO - Processing file /Users/lershuan/Downloads/bt4301-group-9/source/dataops/airflow/dags/churn_scoring_dag.py for tasks to queue
[2026-03-19T23:56:12.316+0800] {logging_mixin.py:188} INFO - [2026-03-19T23:56:12.316+0800] {dagbag.py:545} INFO - Filling up the DagBag from /Users/lershuan/Downloads/bt4301-group-9/source/dataops/airflow/dags/churn_scoring_dag.py
[2026-03-19T23:56:12.344+0800] {processor.py:840} INFO - DAG(s) 'daily_churn_scoring' retrieved from /Users/lershuan/Downloads/bt4301-group-9/source/dataops/airflow/dags/churn_scoring_dag.py
[2026-03-19T23:56:12.396+0800] {logging_mixin.py:188} INFO - [2026-03-19T23:56:12.396+0800] {dag.py:3089} INFO - Sync 1 DAGs
[2026-03-19T23:56:12.407+0800] {logging_mixin.py:188} INFO - [2026-03-19T23:56:12.407+0800] {dag.py:3947} INFO - Setting next_dagrun for daily_churn_scoring to 2026-03-18 00:00:00+00:00, run_after=2026-03-19 00:00:00+00:00
[2026-03-19T23:56:12.428+0800] {processor.py:183} INFO - Processing /Users/lershuan/Downloads/bt4301-group-9/source/dataops/airflow/dags/churn_scoring_dag.py took 0.114 seconds
[2026-03-19T23:56:45.771+0800] {processor.py:161} INFO - Started process (PID=39151) to work on /Users/lershuan/Downloads/bt4301-group-9/source/dataops/airflow/dags/churn_scoring_dag.py
[2026-03-19T23:56:45.772+0800] {processor.py:830} INFO - Processing file /Users/lershuan/Downloads/bt4301-group-9/source/dataops/airflow/dags/churn_scoring_dag.py for tasks to queue
[2026-03-19T23:56:45.772+0800] {logging_mixin.py:188} INFO - [2026-03-19T23:56:45.772+0800] {dagbag.py:545} INFO - Filling up the DagBag from /Users/lershuan/Downloads/bt4301-group-9/source/dataops/airflow/dags/churn_scoring_dag.py
[2026-03-19T23:56:45.786+0800] {processor.py:840} INFO - DAG(s) 'daily_churn_scoring' retrieved from /Users/lershuan/Downloads/bt4301-group-9/source/dataops/airflow/dags/churn_scoring_dag.py
[2026-03-19T23:56:45.826+0800] {logging_mixin.py:188} INFO - [2026-03-19T23:56:45.826+0800] {dag.py:3089} INFO - Sync 1 DAGs
[2026-03-19T23:56:45.835+0800] {logging_mixin.py:188} INFO - [2026-03-19T23:56:45.835+0800] {dag.py:3947} INFO - Setting next_dagrun for daily_churn_scoring to 2026-03-19 00:00:00+00:00, run_after=2026-03-20 00:00:00+00:00
[2026-03-19T23:56:45.843+0800] {processor.py:183} INFO - Processing /Users/lershuan/Downloads/bt4301-group-9/source/dataops/airflow/dags/churn_scoring_dag.py took 0.073 seconds
[2026-03-19T23:57:17.704+0800] {processor.py:161} INFO - Started process (PID=39490) to work on /Users/lershuan/Downloads/bt4301-group-9/source/dataops/airflow/dags/churn_scoring_dag.py
[2026-03-19T23:57:17.706+0800] {processor.py:830} INFO - Processing file /Users/lershuan/Downloads/bt4301-group-9/source/dataops/airflow/dags/churn_scoring_dag.py for tasks to queue
[2026-03-19T23:57:17.706+0800] {logging_mixin.py:188} INFO - [2026-03-19T23:57:17.706+0800] {dagbag.py:545} INFO - Filling up the DagBag from /Users/lershuan/Downloads/bt4301-group-9/source/dataops/airflow/dags/churn_scoring_dag.py
[2026-03-19T23:57:17.722+0800] {processor.py:840} INFO - DAG(s) 'daily_churn_scoring' retrieved from /Users/lershuan/Downloads/bt4301-group-9/source/dataops/airflow/dags/churn_scoring_dag.py
[2026-03-19T23:57:17.761+0800] {logging_mixin.py:188} INFO - [2026-03-19T23:57:17.761+0800] {dag.py:3089} INFO - Sync 1 DAGs
[2026-03-19T23:57:17.770+0800] {logging_mixin.py:188} INFO - [2026-03-19T23:57:17.770+0800] {dag.py:3947} INFO - Setting next_dagrun for daily_churn_scoring to 2026-03-19 00:00:00+00:00, run_after=2026-03-20 00:00:00+00:00
[2026-03-19T23:57:17.779+0800] {processor.py:183} INFO - Processing /Users/lershuan/Downloads/bt4301-group-9/source/dataops/airflow/dags/churn_scoring_dag.py took 0.077 seconds
[2026-03-19T23:57:48.731+0800] {processor.py:161} INFO - Started process (PID=39811) to work on /Users/lershuan/Downloads/bt4301-group-9/source/dataops/airflow/dags/churn_scoring_dag.py
[2026-03-19T23:57:48.732+0800] {processor.py:830} INFO - Processing file /Users/lershuan/Downloads/bt4301-group-9/source/dataops/airflow/dags/churn_scoring_dag.py for tasks to queue
[2026-03-19T23:57:48.732+0800] {logging_mixin.py:188} INFO - [2026-03-19T23:57:48.732+0800] {dagbag.py:545} INFO - Filling up the DagBag from /Users/lershuan/Downloads/bt4301-group-9/source/dataops/airflow/dags/churn_scoring_dag.py
[2026-03-19T23:57:48.746+0800] {processor.py:840} INFO - DAG(s) 'daily_churn_scoring' retrieved from /Users/lershuan/Downloads/bt4301-group-9/source/dataops/airflow/dags/churn_scoring_dag.py
[2026-03-19T23:57:48.785+0800] {logging_mixin.py:188} INFO - [2026-03-19T23:57:48.785+0800] {dag.py:3089} INFO - Sync 1 DAGs
[2026-03-19T23:57:48.791+0800] {logging_mixin.py:188} INFO - [2026-03-19T23:57:48.791+0800] {dag.py:3947} INFO - Setting next_dagrun for daily_churn_scoring to 2026-03-19 00:00:00+00:00, run_after=2026-03-20 00:00:00+00:00
[2026-03-19T23:57:48.798+0800] {processor.py:183} INFO - Processing /Users/lershuan/Downloads/bt4301-group-9/source/dataops/airflow/dags/churn_scoring_dag.py took 0.068 seconds
[2026-03-19T23:58:20.775+0800] {processor.py:161} INFO - Started process (PID=40213) to work on /Users/lershuan/Downloads/bt4301-group-9/source/dataops/airflow/dags/churn_scoring_dag.py
[2026-03-19T23:58:20.778+0800] {processor.py:830} INFO - Processing file /Users/lershuan/Downloads/bt4301-group-9/source/dataops/airflow/dags/churn_scoring_dag.py for tasks to queue
[2026-03-19T23:58:20.778+0800] {logging_mixin.py:188} INFO - [2026-03-19T23:58:20.778+0800] {dagbag.py:545} INFO - Filling up the DagBag from /Users/lershuan/Downloads/bt4301-group-9/source/dataops/airflow/dags/churn_scoring_dag.py
[2026-03-19T23:58:20.800+0800] {processor.py:840} INFO - DAG(s) 'daily_churn_scoring' retrieved from /Users/lershuan/Downloads/bt4301-group-9/source/dataops/airflow/dags/churn_scoring_dag.py
[2026-03-19T23:58:20.850+0800] {logging_mixin.py:188} INFO - [2026-03-19T23:58:20.850+0800] {dag.py:3089} INFO - Sync 1 DAGs
[2026-03-19T23:58:20.858+0800] {logging_mixin.py:188} INFO - [2026-03-19T23:58:20.858+0800] {dag.py:3947} INFO - Setting next_dagrun for daily_churn_scoring to 2026-03-19 00:00:00+00:00, run_after=2026-03-20 00:00:00+00:00
[2026-03-19T23:58:20.867+0800] {processor.py:183} INFO - Processing /Users/lershuan/Downloads/bt4301-group-9/source/dataops/airflow/dags/churn_scoring_dag.py took 0.093 seconds
